Thu Jun 27 17:36:13 2013: Log started
Thu Jun 27 17:37:14 2013: DiGdiOpen(VersionH = 294, VersionL = 294, Parameters = -stlink3 -mcuname STM8S007C8)
Thu Jun 27 17:37:14 2013: DiGdiInitIO(DeviceFile = usb://usb)
Thu Jun 27 17:37:14 2013: DiGdiVersion()
Thu Jun 27 17:37:14 2013: DiGdiGetFeatures()
Thu Jun 27 17:37:14 2013: DiGdiInitRegisterMap()
Thu Jun 27 17:37:14 2013: DiGdiSetConfig(Mcu = STM8S007C8)
Thu Jun 27 17:37:14 2013: DiMemoryGetMap(Size = 100)
Thu Jun 27 17:37:15 2013: DiMemoryRead(Address = 0x8000, Length = 1024)
Thu Jun 27 17:37:15 2013: DiMemoryRead(Address = 0x9000, Length = 1024)
Thu Jun 27 17:37:15 2013: DiMemoryDownload(Pass = DL_DNLD_INIT)
Thu Jun 27 17:37:15 2013: DiMemoryDownload(Pass = DL_DNLD_WRITE, Address = 0x8000, Bytes 291)
Thu Jun 27 17:37:15 2013: DiMemoryDownload(Pass = DL_DNLD_WRITE, Address = 0x8123, Bytes 1024)
Thu Jun 27 17:37:15 2013: DiMemoryDownload(Pass = DL_DNLD_WRITE, Address = 0x8523, Bytes 1024)
Thu Jun 27 17:37:15 2013: DiMemoryDownload(Pass = DL_DNLD_WRITE, Address = 0x8923, Bytes 1024)
Thu Jun 27 17:37:15 2013: DiMemoryDownload(Pass = DL_DNLD_WRITE, Address = 0x8D23, Bytes 1024)
Thu Jun 27 17:37:15 2013: DiMemoryDownload(Pass = DL_DNLD_WRITE, Address = 0x9123, Bytes 269)
Thu Jun 27 17:37:15 2013: DiMemoryDownload(Pass = DL_DNLD_TERMINATE)
Thu Jun 27 17:37:15 2013: DiMemoryRead(Address = 0x8000, Length = 291)
Thu Jun 27 17:37:15 2013: DiMemoryRead(Address = 0x8123, Length = 4365)
Thu Jun 27 17:37:16 2013: DiExecResetChild()
Thu Jun 27 17:37:16 2013: DiExecGetStatus()
Thu Jun 27 17:37:16 2013: DiRegisterRead(Id = 0)
Thu Jun 27 17:37:16 2013: DiExecGetStatus()
Thu Jun 27 17:37:16 2013: DiExecGetStatus()
Thu Jun 27 17:37:16 2013: DiExecGetStatus()
Thu Jun 27 17:37:16 2013: DiExecGetStatus()
Thu Jun 27 17:37:16 2013: DiExecGetStatus()
Thu Jun 27 17:37:20 2013: DiExecGetStatus()
Thu Jun 27 17:37:20 2013: DiRegisterWrite(Id = 0, Value = 24576)
Thu Jun 27 17:37:20 2013: DiExecSingleStep()
Thu Jun 27 17:37:20 2013: DiExecGetStatus()
Thu Jun 27 17:37:20 2013: DiExecGetStatus()
Thu Jun 27 17:37:20 2013: DiMemoryRead(Address = 0x8B7F, Length = 1)
Thu Jun 27 17:37:20 2013: DiMemoryWrite(Address = 0x8B7F, Length = 1)
Thu Jun 27 17:37:20 2013: DiMemoryRead(Address = 0x8B7F, Length = 1)
Thu Jun 27 17:37:20 2013: DiMemoryRead(Address = 0x8E95, Length = 1)
Thu Jun 27 17:37:20 2013: DiMemoryWrite(Address = 0x8E95, Length = 1)
Thu Jun 27 17:37:20 2013: DiMemoryRead(Address = 0x8E95, Length = 1)
Thu Jun 27 17:37:20 2013: DiMemoryRead(Address = 0x8E77, Length = 1)
Thu Jun 27 17:37:20 2013: DiMemoryWrite(Address = 0x8E77, Length = 1)
Thu Jun 27 17:37:20 2013: DiMemoryRead(Address = 0x8E77, Length = 1)
Thu Jun 27 17:37:20 2013: DiMemoryRead(Address = 0x9080, Length = 1)
Thu Jun 27 17:37:20 2013: DiMemoryWrite(Address = 0x9080, Length = 1)
Thu Jun 27 17:37:20 2013: DiMemoryRead(Address = 0x9080, Length = 1)
Thu Jun 27 17:37:20 2013: DiMemoryRead(Address = 0x8B9B, Length = 1)
Thu Jun 27 17:37:20 2013: DiMemoryWrite(Address = 0x8B9B, Length = 1)
Thu Jun 27 17:37:20 2013: DiMemoryRead(Address = 0x8B9B, Length = 1)
Thu Jun 27 17:37:20 2013: DiMemoryRead(Address = 0x922F, Length = 1)
Thu Jun 27 17:37:20 2013: DiMemoryWrite(Address = 0x922F, Length = 1)
Thu Jun 27 17:37:20 2013: DiMemoryRead(Address = 0x922F, Length = 1)
Thu Jun 27 17:37:20 2013: DiExecContinue()
Thu Jun 27 17:37:20 2013: DiExecGetStatus()
Thu Jun 27 17:37:20 2013: DiRegisterRead(Id = 0)
Thu Jun 27 17:37:20 2013: DiExecGetStatus()
Thu Jun 27 17:37:20 2013: DiExecGetStatus()
Thu Jun 27 17:37:20 2013: DiMemoryWrite(Address = 0x8B7F, Length = 1)
Thu Jun 27 17:37:20 2013: DiRegisterRead(Id = 1)
Thu Jun 27 17:37:20 2013: DiRegisterRead(Id = 2)
Thu Jun 27 17:37:20 2013: DiRegisterRead(Id = 3)
Thu Jun 27 17:37:20 2013: DiRegisterRead(Id = 4)
Thu Jun 27 17:37:20 2013: DiRegisterRead(Id = 5)
Thu Jun 27 17:37:20 2013: DiRegisterRead(Id = 0)
Thu Jun 27 17:37:20 2013: DiMemoryRead(Address = 0x7FD, Length = 1)
Thu Jun 27 17:37:20 2013: DiMemoryRead(Address = 0x7FE, Length = 1)
Thu Jun 27 17:37:20 2013: DiMemoryRead(Address = 0x7FF, Length = 1)
Thu Jun 27 17:37:20 2013: DiMemoryRead(Address = 0x0, Length = 128)
Thu Jun 27 17:37:20 2013: DiMemoryRead(Address = 0x210, Length = 63)
Thu Jun 27 17:37:20 2013: DiMemoryRead(Address = 0x310, Length = 63)
Thu Jun 27 17:37:20 2013: DiMemoryRead(Address = 0x410, Length = 63)
Thu Jun 27 17:37:20 2013: DiMemoryRead(Address = 0x544, Length = 63)
Thu Jun 27 17:37:20 2013: DiMemoryRead(Address = 0x10, Length = 63)
Thu Jun 27 17:37:20 2013: DiMemoryRead(Address = 0x210, Length = 63)
Thu Jun 27 17:37:20 2013: DiMemoryRead(Address = 0x543, Length = 1)
Thu Jun 27 17:37:20 2013: DiMemoryRead(Address = 0x541, Length = 1)
Thu Jun 27 17:37:20 2013: DiMemoryRead(Address = 0x52E, Length = 1)
Thu Jun 27 17:37:45 2013: DiExecResetChild()
Thu Jun 27 17:37:45 2013: DiExecGetStatus()
Thu Jun 27 17:37:45 2013: DiRegisterRead(Id = 0)
Thu Jun 27 17:37:45 2013: DiExecGetStatus()
Thu Jun 27 17:37:45 2013: DiExecGetStatus()
Thu Jun 27 17:37:45 2013: DiMemoryWrite(Address = 0x922F, Length = 1)
Thu Jun 27 17:37:45 2013: DiExecGetStatus()
Thu Jun 27 17:37:45 2013: DiRegisterWrite(Id = 0, Value = 24576)
Thu Jun 27 17:37:45 2013: DiExecSingleStep()
Thu Jun 27 17:37:45 2013: DiExecGetStatus()
Thu Jun 27 17:37:45 2013: DiExecGetStatus()
Thu Jun 27 17:37:45 2013: DiMemoryRead(Address = 0x8B7F, Length = 1)
Thu Jun 27 17:37:45 2013: DiMemoryWrite(Address = 0x8B7F, Length = 1)
Thu Jun 27 17:37:45 2013: DiMemoryRead(Address = 0x8B7F, Length = 1)
Thu Jun 27 17:37:45 2013: DiMemoryRead(Address = 0x922F, Length = 1)
Thu Jun 27 17:37:45 2013: DiMemoryWrite(Address = 0x922F, Length = 1)
Thu Jun 27 17:37:45 2013: DiMemoryRead(Address = 0x922F, Length = 1)
Thu Jun 27 17:37:45 2013: DiExecContinue()
Thu Jun 27 17:37:46 2013: DiExecGetStatus()
Thu Jun 27 17:37:46 2013: DiRegisterRead(Id = 0)
Thu Jun 27 17:37:46 2013: DiExecGetStatus()
Thu Jun 27 17:37:46 2013: DiExecGetStatus()
Thu Jun 27 17:37:46 2013: DiMemoryWrite(Address = 0x8B7F, Length = 1)
Thu Jun 27 17:37:46 2013: DiRegisterRead(Id = 1)
Thu Jun 27 17:37:46 2013: DiRegisterRead(Id = 2)
Thu Jun 27 17:37:46 2013: DiRegisterRead(Id = 3)
Thu Jun 27 17:37:46 2013: DiRegisterRead(Id = 4)
Thu Jun 27 17:37:46 2013: DiRegisterRead(Id = 5)
Thu Jun 27 17:37:46 2013: DiRegisterRead(Id = 0)
Thu Jun 27 17:37:46 2013: DiMemoryRead(Address = 0x7FD, Length = 1)
Thu Jun 27 17:37:46 2013: DiMemoryRead(Address = 0x7FE, Length = 1)
Thu Jun 27 17:37:46 2013: DiMemoryRead(Address = 0x7FF, Length = 1)
Thu Jun 27 17:37:46 2013: DiMemoryRead(Address = 0x210, Length = 63)
Thu Jun 27 17:37:46 2013: DiMemoryRead(Address = 0x310, Length = 63)
Thu Jun 27 17:37:46 2013: DiMemoryRead(Address = 0x410, Length = 63)
Thu Jun 27 17:37:46 2013: DiMemoryRead(Address = 0x544, Length = 63)
Thu Jun 27 17:37:46 2013: DiMemoryRead(Address = 0x10, Length = 63)
Thu Jun 27 17:37:46 2013: DiMemoryRead(Address = 0x210, Length = 63)
Thu Jun 27 17:37:46 2013: DiMemoryRead(Address = 0x543, Length = 1)
Thu Jun 27 17:37:46 2013: DiMemoryRead(Address = 0x541, Length = 1)
Thu Jun 27 17:37:46 2013: DiMemoryRead(Address = 0x52E, Length = 1)
Thu Jun 27 17:37:47 2013: DiExecSingleStep()
Thu Jun 27 17:37:47 2013: DiExecGetStatus()
Thu Jun 27 17:37:47 2013: DiExecGetStatus()
Thu Jun 27 17:37:47 2013: DiExecContinue()
Thu Jun 27 17:37:47 2013: DiExecGetStatus()
Thu Jun 27 17:37:47 2013: DiRegisterRead(Id = 0)
Thu Jun 27 17:37:47 2013: DiExecGetStatus()
Thu Jun 27 17:37:47 2013: DiRegisterRead(Id = 1)
Thu Jun 27 17:37:47 2013: DiRegisterRead(Id = 2)
Thu Jun 27 17:37:47 2013: DiRegisterRead(Id = 3)
Thu Jun 27 17:37:47 2013: DiRegisterRead(Id = 4)
Thu Jun 27 17:37:47 2013: DiRegisterRead(Id = 5)
Thu Jun 27 17:37:47 2013: DiRegisterRead(Id = 0)
Thu Jun 27 17:37:47 2013: DiMemoryRead(Address = 0x7FD, Length = 1)
Thu Jun 27 17:37:47 2013: DiMemoryRead(Address = 0x7FE, Length = 1)
Thu Jun 27 17:37:47 2013: DiMemoryRead(Address = 0x7FF, Length = 1)
Thu Jun 27 17:37:47 2013: DiMemoryRead(Address = 0x210, Length = 63)
Thu Jun 27 17:37:47 2013: DiMemoryRead(Address = 0x310, Length = 63)
Thu Jun 27 17:37:47 2013: DiMemoryRead(Address = 0x410, Length = 63)
Thu Jun 27 17:37:47 2013: DiMemoryRead(Address = 0x544, Length = 63)
Thu Jun 27 17:37:47 2013: DiMemoryRead(Address = 0x10, Length = 63)
Thu Jun 27 17:37:47 2013: DiMemoryRead(Address = 0x210, Length = 63)
Thu Jun 27 17:37:47 2013: DiMemoryRead(Address = 0x543, Length = 1)
Thu Jun 27 17:37:47 2013: DiMemoryRead(Address = 0x541, Length = 1)
Thu Jun 27 17:37:47 2013: DiMemoryRead(Address = 0x52E, Length = 1)
Thu Jun 27 17:38:15 2013: DiExecGetStatus()
Thu Jun 27 17:38:15 2013: DiMemoryWrite(Address = 0x8B9B, Length = 1)
Thu Jun 27 17:38:15 2013: DiMemoryRead(Address = 0x7FD, Length = 1)
Thu Jun 27 17:38:15 2013: DiMemoryRead(Address = 0x7FE, Length = 1)
Thu Jun 27 17:38:15 2013: DiMemoryRead(Address = 0x7FF, Length = 1)
Thu Jun 27 17:39:39 2013: DiMemoryWrite(Address = 0x922F, Length = 1)
Thu Jun 27 17:39:39 2013: DiMemoryWrite(Address = 0x8E95, Length = 1)
Thu Jun 27 17:39:39 2013: DiMemoryWrite(Address = 0x8E77, Length = 1)
Thu Jun 27 17:39:39 2013: DiMemoryWrite(Address = 0x9080, Length = 1)
Thu Jun 27 17:39:39 2013: DiGdiClose()
