###############################################################################
#                                                                             #
# IAR C/C++ Compiler V1.40.1.50106 for STM8             27/Jun/2013  12:19:32 #
# Copyright 2010-2013 IAR Systems AB.                                         #
#                                                                             #
#    Source file  =  C:\SNAP_101\stm8s_clk.c                                  #
#    Command line =  C:\SNAP_101\stm8s_clk.c -e --enable_multibytes -On       #
#                    --no_cse --no_unroll --no_inline --no_code_motion        #
#                    --no_tbaa --no_cross_call --debug --code_model medium    #
#                    --data_model medium -o C:\SNAP_101\Debug\Obj\            #
#                    --dlib_config "C:\Program Files\IAR Systems\Embedded     #
#                    Workbench 6.5\stm8\LIB\dlstm8mmn.h" -D STM8S007 -lC      #
#                    C:\SNAP_101\Debug\List\ -I .\ --no_system_include        #
#                    --require_prototypes --vregs 16                          #
#    List file    =  C:\SNAP_101\Debug\List\stm8s_clk.lst                     #
#    Object file  =  C:\SNAP_101\Debug\Obj\stm8s_clk.o                        #
#                                                                             #
#                                                                             #
###############################################################################

C:\SNAP_101\stm8s_clk.c
      1          /**
      2            ******************************************************************************
      3            * @file    stm8s_clk.c
      4            * @author  MCD Application Team
      5            * @version V2.1.0
      6            * @date    18-November-2011
      7            * @brief   This file contains all the functions for the CLK peripheral.
      8            ******************************************************************************
      9            * @attention
     10            *
     11            * THE PRESENT FIRMWARE WHICH IS FOR GUIDANCE ONLY AIMS AT PROVIDING CUSTOMERS
     12            * WITH CODING INFORMATION REGARDING THEIR PRODUCTS IN ORDER FOR THEM TO SAVE
     13            * TIME. AS A RESULT, STMICROELECTRONICS SHALL NOT BE HELD LIABLE FOR ANY
     14            * DIRECT, INDIRECT OR CONSEQUENTIAL DAMAGES WITH RESPECT TO ANY CLAIMS ARISING
     15            * FROM THE CONTENT OF SUCH FIRMWARE AND/OR THE USE MADE BY CUSTOMERS OF THE
     16            * CODING INFORMATION CONTAINED HEREIN IN CONNECTION WITH THEIR PRODUCTS.
     17            *
     18            * <h2><center>&copy; COPYRIGHT 2011 STMicroelectronics</center></h2>
     19            ******************************************************************************
     20            */
     21          
     22          /* Includes ------------------------------------------------------------------*/
     23          
     24          #include "stm8s_clk.h"
     25          
     26          /** @addtogroup STM8S_StdPeriph_Driver
     27            * @{
     28            */
     29          /* Private typedef -----------------------------------------------------------*/
     30          /* Private define ------------------------------------------------------------*/
     31          /* Private macro -------------------------------------------------------------*/
     32          /* Private variables ---------------------------------------------------------*/
     33          /* Private function prototypes -----------------------------------------------*/
     34          
     35          /* Private Constants ---------------------------------------------------------*/
     36          
     37          /**
     38            * @addtogroup CLK_Private_Constants
     39            * @{
     40            */
     41          

   \                                 In section .near.rodata, align 1
     42          CONST uint8_t HSIDivFactor[4] = {1, 2, 4, 8}; /*!< Holds the different HSI Divider factors */
   \                     HSIDivFactor:
   \   000000 01 02 04 08  DC8 1, 2, 4, 8

   \                                 In section .near.rodata, align 1
     43          CONST uint8_t CLKPrescTable[8] = {1, 2, 4, 8, 10, 16, 20, 40}; /*!< Holds the different CLK prescaler values */
   \                     CLKPrescTable:
   \   000000 01 02 04 08  DC8 1, 2, 4, 8, 10, 16, 20, 40
   \          0A 10 14 28 
     44          
     45          /**
     46            * @}
     47            */
     48          
     49          /* Public functions ----------------------------------------------------------*/
     50          /**
     51            * @addtogroup CLK_Public_Functions
     52            * @{
     53            */
     54          
     55          /**
     56            * @brief  Deinitializes the CLK peripheral registers to their default reset
     57            * values.
     58            * @param  None
     59            * @retval None
     60            * @par Warning:
     61            * Resetting the CCOR register: \n
     62            * When the CCOEN bit is set, the reset of the CCOR register require
     63            * two consecutive write instructions in order to reset first the CCOEN bit
     64            * and the second one is to reset the CCOSEL bits.
     65            */

   \                                 In section .far_func.text, align 1
     66          void CLK_DeInit(void)
     67          {
     68          
     69              CLK->ICKR = CLK_ICKR_RESET_VALUE;
   \                     CLK_DeInit:
   \   000000 35 01 50C0   MOV       L:0x50c0, #0x1
     70              CLK->ECKR = CLK_ECKR_RESET_VALUE;
   \   000004 35 00 50C1   MOV       L:0x50c1, #0x0
     71              CLK->SWR  = CLK_SWR_RESET_VALUE;
   \   000008 35 E1 50C4   MOV       L:0x50c4, #0xe1
     72              CLK->SWCR = CLK_SWCR_RESET_VALUE;
   \   00000C 35 00 50C5   MOV       L:0x50c5, #0x0
     73              CLK->CKDIVR = CLK_CKDIVR_RESET_VALUE;
   \   000010 35 18 50C6   MOV       L:0x50c6, #0x18
     74              CLK->PCKENR1 = CLK_PCKENR1_RESET_VALUE;
   \   000014 35 FF 50C7   MOV       L:0x50c7, #0xff
     75              CLK->PCKENR2 = CLK_PCKENR2_RESET_VALUE;
   \   000018 35 FF 50CA   MOV       L:0x50ca, #0xff
     76              CLK->CSSR = CLK_CSSR_RESET_VALUE;
   \   00001C 35 00 50C8   MOV       L:0x50c8, #0x0
     77              CLK->CCOR = CLK_CCOR_RESET_VALUE;
   \   000020 35 00 50C9   MOV       L:0x50c9, #0x0
     78              while ((CLK->CCOR & CLK_CCOR_CCOEN)!= 0)
   \                     ??CLK_DeInit_0:
   \   000024 7200 50C9 FB BTJT      L:0x50c9, #0x0, L:??CLK_DeInit_0
     79              {}
     80              CLK->CCOR = CLK_CCOR_RESET_VALUE;
   \   000029 35 00 50C9   MOV       L:0x50c9, #0x0
     81              CLK->HSITRIMR = CLK_HSITRIMR_RESET_VALUE;
   \   00002D 35 00 50CC   MOV       L:0x50cc, #0x0
     82              CLK->SWIMCCR = CLK_SWIMCCR_RESET_VALUE;
   \   000031 35 00 50CD   MOV       L:0x50cd, #0x0
     83          
     84          }
   \   000035 87           RETF
     85          
     86          /**
     87            * @brief   Configures the High Speed Internal oscillator (HSI).
     88            * @par Full description:
     89            * If CLK_FastHaltWakeup is enabled, HSI oscillator is automatically
     90            * switched-on (HSIEN=1) and selected as next clock master
     91            * (CKM=SWI=HSI) when resuming from HALT/ActiveHalt modes.\n
     92            * @param   NewState this parameter is the Wake-up Mode state.
     93            * @retval None
     94            */

   \                                 In section .far_func.text, align 1
     95          void CLK_FastHaltWakeUpCmd(FunctionalState NewState)
     96          {
   \                     CLK_FastHaltWakeUpCmd:
   \   000000 3B ....      PUSH      S:?b8
   \   000003 B7 ..        LD        S:?b8, A
     97          
     98              /* check the parameters */
     99              assert_param(IS_FUNCTIONALSTATE_OK(NewState));
   \   000005 3D ..        TNZ       S:?b8
   \   000007 27 15        JREQ      L:??CLK_FastHaltWakeUpCmd_0
   \   000009 B6 ..        LD        A, S:?b8
   \   00000B A1 01        CP        A, #0x1
   \   00000D 27 0F        JREQ      L:??CLK_FastHaltWakeUpCmd_0
   \   00000F AE 0063      LDW       X, #0x63
   \   000012 BF ..        LDW       S:?w1, X
   \   000014 5F           CLRW      X
   \   000015 BF ..        LDW       S:?w0, X
   \   000017 AE ....      LDW       X, #`?<Constant "C:\\\\SNAP_101\\\\stm8s_clk.c">`
   \   00001A 8D ......    CALLF     assert_failed
    100          
    101              if (NewState != DISABLE)
   \                     ??CLK_FastHaltWakeUpCmd_0:
   \   00001E 3D ..        TNZ       S:?b8
   \   000020 27 06        JREQ      L:??CLK_FastHaltWakeUpCmd_1
    102              {
    103                  /* Set FHWU bit (HSI oscillator is automatically switched-on) */
    104                  CLK->ICKR |= CLK_ICKR_FHWU;
   \   000022 7214 50C0    BSET      L:0x50c0, #0x2
   \   000026 20 04        JRA       L:??CLK_FastHaltWakeUpCmd_2
    105              }
    106              else  /* FastHaltWakeup = DISABLE */
    107              {
    108                  /* Reset FHWU bit */
    109                  CLK->ICKR &= (uint8_t)(~CLK_ICKR_FHWU);
   \                     ??CLK_FastHaltWakeUpCmd_1:
   \   000028 7215 50C0    BRES      L:0x50c0, #0x2
    110              }
    111          
    112          }
   \                     ??CLK_FastHaltWakeUpCmd_2:
   \   00002C 32 ....      POP       S:?b8
   \   00002F 87           RETF
    113          
    114          /**
    115            * @brief  Enable or Disable the External High Speed oscillator (HSE).
    116            * @param   NewState new state of HSEEN, value accepted ENABLE, DISABLE.
    117            * @retval None
    118            */

   \                                 In section .far_func.text, align 1
    119          void CLK_HSECmd(FunctionalState NewState)
    120          {
   \                     CLK_HSECmd:
   \   000000 3B ....      PUSH      S:?b8
   \   000003 B7 ..        LD        S:?b8, A
    121          
    122              /* Check the parameters */
    123              assert_param(IS_FUNCTIONALSTATE_OK(NewState));
   \   000005 3D ..        TNZ       S:?b8
   \   000007 27 15        JREQ      L:??CLK_HSECmd_0
   \   000009 B6 ..        LD        A, S:?b8
   \   00000B A1 01        CP        A, #0x1
   \   00000D 27 0F        JREQ      L:??CLK_HSECmd_0
   \   00000F AE 007B      LDW       X, #0x7b
   \   000012 BF ..        LDW       S:?w1, X
   \   000014 5F           CLRW      X
   \   000015 BF ..        LDW       S:?w0, X
   \   000017 AE ....      LDW       X, #`?<Constant "C:\\\\SNAP_101\\\\stm8s_clk.c">`
   \   00001A 8D ......    CALLF     assert_failed
    124          
    125              if (NewState != DISABLE)
   \                     ??CLK_HSECmd_0:
   \   00001E 3D ..        TNZ       S:?b8
   \   000020 27 06        JREQ      L:??CLK_HSECmd_1
    126              {
    127                  /* Set HSEEN bit */
    128                  CLK->ECKR |= CLK_ECKR_HSEEN;
   \   000022 7210 50C1    BSET      L:0x50c1, #0x0
   \   000026 20 04        JRA       L:??CLK_HSECmd_2
    129              }
    130              else
    131              {
    132                  /* Reset HSEEN bit */
    133                  CLK->ECKR &= (uint8_t)(~CLK_ECKR_HSEEN);
   \                     ??CLK_HSECmd_1:
   \   000028 7211 50C1    BRES      L:0x50c1, #0x0
    134              }
    135          
    136          }
   \                     ??CLK_HSECmd_2:
   \   00002C 32 ....      POP       S:?b8
   \   00002F 87           RETF
    137          
    138          /**
    139            * @brief  Enables or disables the Internal High Speed oscillator (HSI).
    140            * @param   NewState new state of HSIEN, value accepted ENABLE, DISABLE.
    141            * @retval None
    142            */

   \                                 In section .far_func.text, align 1
    143          void CLK_HSICmd(FunctionalState NewState)
    144          {
   \                     CLK_HSICmd:
   \   000000 3B ....      PUSH      S:?b8
   \   000003 B7 ..        LD        S:?b8, A
    145          
    146              /* Check the parameters */
    147              assert_param(IS_FUNCTIONALSTATE_OK(NewState));
   \   000005 3D ..        TNZ       S:?b8
   \   000007 27 15        JREQ      L:??CLK_HSICmd_0
   \   000009 B6 ..        LD        A, S:?b8
   \   00000B A1 01        CP        A, #0x1
   \   00000D 27 0F        JREQ      L:??CLK_HSICmd_0
   \   00000F AE 0093      LDW       X, #0x93
   \   000012 BF ..        LDW       S:?w1, X
   \   000014 5F           CLRW      X
   \   000015 BF ..        LDW       S:?w0, X
   \   000017 AE ....      LDW       X, #`?<Constant "C:\\\\SNAP_101\\\\stm8s_clk.c">`
   \   00001A 8D ......    CALLF     assert_failed
    148          
    149              if (NewState != DISABLE)
   \                     ??CLK_HSICmd_0:
   \   00001E 3D ..        TNZ       S:?b8
   \   000020 27 06        JREQ      L:??CLK_HSICmd_1
    150              {
    151                  /* Set HSIEN bit */
    152                  CLK->ICKR |= CLK_ICKR_HSIEN;
   \   000022 7210 50C0    BSET      L:0x50c0, #0x0
   \   000026 20 04        JRA       L:??CLK_HSICmd_2
    153              }
    154              else
    155              {
    156                  /* Reset HSIEN bit */
    157                  CLK->ICKR &= (uint8_t)(~CLK_ICKR_HSIEN);
   \                     ??CLK_HSICmd_1:
   \   000028 7211 50C0    BRES      L:0x50c0, #0x0
    158              }
    159          
    160          }
   \                     ??CLK_HSICmd_2:
   \   00002C 32 ....      POP       S:?b8
   \   00002F 87           RETF
    161          
    162          /**
    163            * @brief  Enables or disables the Internal Low Speed oscillator (LSI).
    164            * @param    NewState new state of LSIEN, value accepted ENABLE, DISABLE.
    165            * @retval None
    166            */

   \                                 In section .far_func.text, align 1
    167          void CLK_LSICmd(FunctionalState NewState)
    168          {
   \                     CLK_LSICmd:
   \   000000 3B ....      PUSH      S:?b8
   \   000003 B7 ..        LD        S:?b8, A
    169          
    170              /* Check the parameters */
    171              assert_param(IS_FUNCTIONALSTATE_OK(NewState));
   \   000005 3D ..        TNZ       S:?b8
   \   000007 27 15        JREQ      L:??CLK_LSICmd_0
   \   000009 B6 ..        LD        A, S:?b8
   \   00000B A1 01        CP        A, #0x1
   \   00000D 27 0F        JREQ      L:??CLK_LSICmd_0
   \   00000F AE 00AB      LDW       X, #0xab
   \   000012 BF ..        LDW       S:?w1, X
   \   000014 5F           CLRW      X
   \   000015 BF ..        LDW       S:?w0, X
   \   000017 AE ....      LDW       X, #`?<Constant "C:\\\\SNAP_101\\\\stm8s_clk.c">`
   \   00001A 8D ......    CALLF     assert_failed
    172          
    173              if (NewState != DISABLE)
   \                     ??CLK_LSICmd_0:
   \   00001E 3D ..        TNZ       S:?b8
   \   000020 27 06        JREQ      L:??CLK_LSICmd_1
    174              {
    175                  /* Set LSIEN bit */
    176                  CLK->ICKR |= CLK_ICKR_LSIEN;
   \   000022 7216 50C0    BSET      L:0x50c0, #0x3
   \   000026 20 04        JRA       L:??CLK_LSICmd_2
    177              }
    178              else
    179              {
    180                  /* Reset LSIEN bit */
    181                  CLK->ICKR &= (uint8_t)(~CLK_ICKR_LSIEN);
   \                     ??CLK_LSICmd_1:
   \   000028 7217 50C0    BRES      L:0x50c0, #0x3
    182              }
    183          
    184          }
   \                     ??CLK_LSICmd_2:
   \   00002C 32 ....      POP       S:?b8
   \   00002F 87           RETF
    185          
    186          /**
    187            * @brief  Enables or disablle the Configurable Clock Output (CCO).
    188            * @param   NewState : New state of CCEN bit (CCO register).
    189            * This parameter can be any of the @ref FunctionalState enumeration.
    190            * @retval None
    191            */

   \                                 In section .far_func.text, align 1
    192          void CLK_CCOCmd(FunctionalState NewState)
    193          {
   \                     CLK_CCOCmd:
   \   000000 3B ....      PUSH      S:?b8
   \   000003 B7 ..        LD        S:?b8, A
    194          
    195              /* Check the parameters */
    196              assert_param(IS_FUNCTIONALSTATE_OK(NewState));
   \   000005 3D ..        TNZ       S:?b8
   \   000007 27 15        JREQ      L:??CLK_CCOCmd_0
   \   000009 B6 ..        LD        A, S:?b8
   \   00000B A1 01        CP        A, #0x1
   \   00000D 27 0F        JREQ      L:??CLK_CCOCmd_0
   \   00000F AE 00C4      LDW       X, #0xc4
   \   000012 BF ..        LDW       S:?w1, X
   \   000014 5F           CLRW      X
   \   000015 BF ..        LDW       S:?w0, X
   \   000017 AE ....      LDW       X, #`?<Constant "C:\\\\SNAP_101\\\\stm8s_clk.c">`
   \   00001A 8D ......    CALLF     assert_failed
    197          
    198              if (NewState != DISABLE)
   \                     ??CLK_CCOCmd_0:
   \   00001E 3D ..        TNZ       S:?b8
   \   000020 27 06        JREQ      L:??CLK_CCOCmd_1
    199              {
    200                  /* Set CCOEN bit */
    201                  CLK->CCOR |= CLK_CCOR_CCOEN;
   \   000022 7210 50C9    BSET      L:0x50c9, #0x0
   \   000026 20 04        JRA       L:??CLK_CCOCmd_2
    202              }
    203              else
    204              {
    205                  /* Reset CCOEN bit */
    206                  CLK->CCOR &= (uint8_t)(~CLK_CCOR_CCOEN);
   \                     ??CLK_CCOCmd_1:
   \   000028 7211 50C9    BRES      L:0x50c9, #0x0
    207              }
    208          
    209          }
   \                     ??CLK_CCOCmd_2:
   \   00002C 32 ....      POP       S:?b8
   \   00002F 87           RETF
    210          
    211          /**
    212            * @brief  Starts or Stops manually the clock switch execution.
    213            * @par Full description:
    214            * NewState parameter set the SWEN.
    215            * @param   NewState new state of SWEN, value accepted ENABLE, DISABLE.
    216            * @retval None
    217            */

   \                                 In section .far_func.text, align 1
    218          void CLK_ClockSwitchCmd(FunctionalState NewState)
    219          {
   \                     CLK_ClockSwitchCmd:
   \   000000 3B ....      PUSH      S:?b8
   \   000003 B7 ..        LD        S:?b8, A
    220          
    221              /* Check the parameters */
    222              assert_param(IS_FUNCTIONALSTATE_OK(NewState));
   \   000005 3D ..        TNZ       S:?b8
   \   000007 27 15        JREQ      L:??CLK_ClockSwitchCmd_0
   \   000009 B6 ..        LD        A, S:?b8
   \   00000B A1 01        CP        A, #0x1
   \   00000D 27 0F        JREQ      L:??CLK_ClockSwitchCmd_0
   \   00000F AE 00DE      LDW       X, #0xde
   \   000012 BF ..        LDW       S:?w1, X
   \   000014 5F           CLRW      X
   \   000015 BF ..        LDW       S:?w0, X
   \   000017 AE ....      LDW       X, #`?<Constant "C:\\\\SNAP_101\\\\stm8s_clk.c">`
   \   00001A 8D ......    CALLF     assert_failed
    223          
    224              if (NewState != DISABLE )
   \                     ??CLK_ClockSwitchCmd_0:
   \   00001E 3D ..        TNZ       S:?b8
   \   000020 27 06        JREQ      L:??CLK_ClockSwitchCmd_1
    225              {
    226                  /* Enable the Clock Switch */
    227                  CLK->SWCR |= CLK_SWCR_SWEN;
   \   000022 7212 50C5    BSET      L:0x50c5, #0x1
   \   000026 20 04        JRA       L:??CLK_ClockSwitchCmd_2
    228              }
    229              else
    230              {
    231                  /* Disable the Clock Switch */
    232                  CLK->SWCR &= (uint8_t)(~CLK_SWCR_SWEN);
   \                     ??CLK_ClockSwitchCmd_1:
   \   000028 7213 50C5    BRES      L:0x50c5, #0x1
    233              }
    234          
    235          }
   \                     ??CLK_ClockSwitchCmd_2:
   \   00002C 32 ....      POP       S:?b8
   \   00002F 87           RETF
    236          
    237          /**
    238            * @brief  Configures the slow active halt wake up
    239            * @param   NewState: specifies the Slow Active Halt wake up state.
    240            * can be set of the following values:
    241            * - DISABLE: Slow Active Halt mode disabled;
    242            * - ENABLE:  Slow Active Halt mode enabled.
    243            * @retval None
    244            */

   \                                 In section .far_func.text, align 1
    245          void CLK_SlowActiveHaltWakeUpCmd(FunctionalState NewState)
    246          {
   \                     CLK_SlowActiveHaltWakeUpCmd:
   \   000000 3B ....      PUSH      S:?b8
   \   000003 B7 ..        LD        S:?b8, A
    247          
    248              /* check the parameters */
    249              assert_param(IS_FUNCTIONALSTATE_OK(NewState));
   \   000005 3D ..        TNZ       S:?b8
   \   000007 27 15        JREQ      L:??CLK_SlowActiveHaltWakeUpCmd_0
   \   000009 B6 ..        LD        A, S:?b8
   \   00000B A1 01        CP        A, #0x1
   \   00000D 27 0F        JREQ      L:??CLK_SlowActiveHaltWakeUpCmd_0
   \   00000F AE 00F9      LDW       X, #0xf9
   \   000012 BF ..        LDW       S:?w1, X
   \   000014 5F           CLRW      X
   \   000015 BF ..        LDW       S:?w0, X
   \   000017 AE ....      LDW       X, #`?<Constant "C:\\\\SNAP_101\\\\stm8s_clk.c">`
   \   00001A 8D ......    CALLF     assert_failed
    250          
    251              if (NewState != DISABLE)
   \                     ??CLK_SlowActiveHaltWakeUpCmd_0:
   \   00001E 3D ..        TNZ       S:?b8
   \   000020 27 06        JREQ      L:??CLK_SlowActiveHaltWakeUpCmd_1
    252              {
    253                  /* Set S_ACTHALT bit */
    254                  CLK->ICKR |= CLK_ICKR_SWUAH;
   \   000022 721A 50C0    BSET      L:0x50c0, #0x5
   \   000026 20 04        JRA       L:??CLK_SlowActiveHaltWakeUpCmd_2
    255              }
    256              else
    257              {
    258                  /* Reset S_ACTHALT bit */
    259                  CLK->ICKR &= (uint8_t)(~CLK_ICKR_SWUAH);
   \                     ??CLK_SlowActiveHaltWakeUpCmd_1:
   \   000028 721B 50C0    BRES      L:0x50c0, #0x5
    260              }
    261          
    262          }
   \                     ??CLK_SlowActiveHaltWakeUpCmd_2:
   \   00002C 32 ....      POP       S:?b8
   \   00002F 87           RETF
    263          
    264          /**
    265            * @brief   Enables or disables the specified peripheral CLK.
    266            * @param   CLK_Peripheral : This parameter specifies the peripheral clock to gate.
    267            * This parameter can be any of the  @ref CLK_Peripheral_TypeDef enumeration.
    268            * @param   NewState : New state of specified peripheral clock.
    269            * This parameter can be any of the @ref FunctionalState enumeration.
    270            * @retval None
    271            */

   \                                 In section .far_func.text, align 1
    272          void CLK_PeripheralClockConfig(CLK_Peripheral_TypeDef CLK_Peripheral, FunctionalState NewState)
    273          {
   \                     CLK_PeripheralClockConfig:
   \   000000 8D ......    CALLF     L:?push_w4
   \   000004 B7 ..        LD        S:?b8, A
   \   000006 45 .. ..     MOV       S:?b9, S:?b0
    274          
    275              /* Check the parameters */
    276              assert_param(IS_FUNCTIONALSTATE_OK(NewState));
   \   000009 3D ..        TNZ       S:?b9
   \   00000B 27 15        JREQ      L:??CLK_PeripheralClockConfig_0
   \   00000D B6 ..        LD        A, S:?b9
   \   00000F A1 01        CP        A, #0x1
   \   000011 27 0F        JREQ      L:??CLK_PeripheralClockConfig_0
   \   000013 AE 0114      LDW       X, #0x114
   \   000016 BF ..        LDW       S:?w1, X
   \   000018 5F           CLRW      X
   \   000019 BF ..        LDW       S:?w0, X
   \   00001B AE ....      LDW       X, #`?<Constant "C:\\\\SNAP_101\\\\stm8s_clk.c">`
   \   00001E 8D ......    CALLF     assert_failed
    277              assert_param(IS_CLK_PERIPHERAL_OK(CLK_Peripheral));
   \                     ??CLK_PeripheralClockConfig_0:
   \   000022 3D ..        TNZ       S:?b8
   \   000024 27 5D        JREQ      L:??CLK_PeripheralClockConfig_1
   \   000026 B6 ..        LD        A, S:?b8
   \   000028 A1 01        CP        A, #0x1
   \   00002A 27 57        JREQ      L:??CLK_PeripheralClockConfig_1
   \   00002C B6 ..        LD        A, S:?b8
   \   00002E A1 03        CP        A, #0x3
   \   000030 27 51        JREQ      L:??CLK_PeripheralClockConfig_1
   \   000032 B6 ..        LD        A, S:?b8
   \   000034 A1 03        CP        A, #0x3
   \   000036 27 4B        JREQ      L:??CLK_PeripheralClockConfig_1
   \   000038 B6 ..        LD        A, S:?b8
   \   00003A A1 02        CP        A, #0x2
   \   00003C 27 45        JREQ      L:??CLK_PeripheralClockConfig_1
   \   00003E B6 ..        LD        A, S:?b8
   \   000040 A1 04        CP        A, #0x4
   \   000042 27 3F        JREQ      L:??CLK_PeripheralClockConfig_1
   \   000044 B6 ..        LD        A, S:?b8
   \   000046 A1 05        CP        A, #0x5
   \   000048 27 39        JREQ      L:??CLK_PeripheralClockConfig_1
   \   00004A B6 ..        LD        A, S:?b8
   \   00004C A1 05        CP        A, #0x5
   \   00004E 27 33        JREQ      L:??CLK_PeripheralClockConfig_1
   \   000050 B6 ..        LD        A, S:?b8
   \   000052 A1 04        CP        A, #0x4
   \   000054 27 2D        JREQ      L:??CLK_PeripheralClockConfig_1
   \   000056 B6 ..        LD        A, S:?b8
   \   000058 A1 06        CP        A, #0x6
   \   00005A 27 27        JREQ      L:??CLK_PeripheralClockConfig_1
   \   00005C B6 ..        LD        A, S:?b8
   \   00005E A1 07        CP        A, #0x7
   \   000060 27 21        JREQ      L:??CLK_PeripheralClockConfig_1
   \   000062 B6 ..        LD        A, S:?b8
   \   000064 A1 17        CP        A, #0x17
   \   000066 27 1B        JREQ      L:??CLK_PeripheralClockConfig_1
   \   000068 B6 ..        LD        A, S:?b8
   \   00006A A1 13        CP        A, #0x13
   \   00006C 27 15        JREQ      L:??CLK_PeripheralClockConfig_1
   \   00006E B6 ..        LD        A, S:?b8
   \   000070 A1 12        CP        A, #0x12
   \   000072 27 0F        JREQ      L:??CLK_PeripheralClockConfig_1
   \   000074 AE 0115      LDW       X, #0x115
   \   000077 BF ..        LDW       S:?w1, X
   \   000079 5F           CLRW      X
   \   00007A BF ..        LDW       S:?w0, X
   \   00007C AE ....      LDW       X, #`?<Constant "C:\\\\SNAP_101\\\\stm8s_clk.c">`
   \   00007F 8D ......    CALLF     assert_failed
    278          
    279              if (((uint8_t)CLK_Peripheral & (uint8_t)0x10) == 0x00)
   \                     ??CLK_PeripheralClockConfig_1:
   \   000083 B6 ..        LD        A, S:?b8
   \   000085 A4 10        AND       A, #0x10
   \   000087 A1 00        CP        A, #0x0
   \   000089 26 2B        JRNE      L:??CLK_PeripheralClockConfig_2
    280              {
    281                  if (NewState != DISABLE)
   \   00008B 3D ..        TNZ       S:?b9
   \   00008D 27 13        JREQ      L:??CLK_PeripheralClockConfig_3
    282                  {
    283                      /* Enable the peripheral Clock */
    284                      CLK->PCKENR1 |= (uint8_t)((uint8_t)1 << ((uint8_t)CLK_Peripheral & (uint8_t)0x0F));
   \   00008F B6 ..        LD        A, S:?b8
   \   000091 A4 0F        AND       A, #0xf
   \   000093 5F           CLRW      X
   \   000094 5C           INCW      X
   \   000095 8D ......    CALLF     L:?sll16_x_x_a
   \   000099 9F           LD        A, XL
   \   00009A CA 50C7      OR        A, L:0x50c7
   \   00009D C7 50C7      LD        L:0x50c7, A
   \   0000A0 20 3D        JRA       L:??CLK_PeripheralClockConfig_4
    285                  }
    286                  else
    287                  {
    288                      /* Disable the peripheral Clock */
    289                      CLK->PCKENR1 &= (uint8_t)(~(uint8_t)(((uint8_t)1 << ((uint8_t)CLK_Peripheral & (uint8_t)0x0F))));
   \                     ??CLK_PeripheralClockConfig_3:
   \   0000A2 B6 ..        LD        A, S:?b8
   \   0000A4 A4 0F        AND       A, #0xf
   \   0000A6 5F           CLRW      X
   \   0000A7 5C           INCW      X
   \   0000A8 8D ......    CALLF     L:?sll16_x_x_a
   \   0000AC 9F           LD        A, XL
   \   0000AD 43           CPL       A
   \   0000AE C4 50C7      AND       A, L:0x50c7
   \   0000B1 C7 50C7      LD        L:0x50c7, A
   \   0000B4 20 29        JRA       L:??CLK_PeripheralClockConfig_4
    290                  }
    291              }
    292              else
    293              {
    294                  if (NewState != DISABLE)
   \                     ??CLK_PeripheralClockConfig_2:
   \   0000B6 3D ..        TNZ       S:?b9
   \   0000B8 27 13        JREQ      L:??CLK_PeripheralClockConfig_5
    295                  {
    296                      /* Enable the peripheral Clock */
    297                      CLK->PCKENR2 |= (uint8_t)((uint8_t)1 << ((uint8_t)CLK_Peripheral & (uint8_t)0x0F));
   \   0000BA B6 ..        LD        A, S:?b8
   \   0000BC A4 0F        AND       A, #0xf
   \   0000BE 5F           CLRW      X
   \   0000BF 5C           INCW      X
   \   0000C0 8D ......    CALLF     L:?sll16_x_x_a
   \   0000C4 9F           LD        A, XL
   \   0000C5 CA 50CA      OR        A, L:0x50ca
   \   0000C8 C7 50CA      LD        L:0x50ca, A
   \   0000CB 20 12        JRA       L:??CLK_PeripheralClockConfig_4
    298                  }
    299                  else
    300                  {
    301                      /* Disable the peripheral Clock */
    302                      CLK->PCKENR2 &= (uint8_t)(~(uint8_t)(((uint8_t)1 << ((uint8_t)CLK_Peripheral & (uint8_t)0x0F))));
   \                     ??CLK_PeripheralClockConfig_5:
   \   0000CD B6 ..        LD        A, S:?b8
   \   0000CF A4 0F        AND       A, #0xf
   \   0000D1 5F           CLRW      X
   \   0000D2 5C           INCW      X
   \   0000D3 8D ......    CALLF     L:?sll16_x_x_a
   \   0000D7 9F           LD        A, XL
   \   0000D8 43           CPL       A
   \   0000D9 C4 50CA      AND       A, L:0x50ca
   \   0000DC C7 50CA      LD        L:0x50ca, A
    303                  }
    304              }
    305          
    306          }
   \                     ??CLK_PeripheralClockConfig_4:
   \   0000DF AC ......    JPF       L:?epilogue_w4
    307          
    308          /**
    309            * @brief  configures the Switch from one clock to another
    310            * @param   CLK_SwitchMode select the clock switch mode.
    311            * It can be set of the values of @ref CLK_SwitchMode_TypeDef
    312            * @param   CLK_NewClock choice of the future clock.
    313            * It can be set of the values of @ref CLK_Source_TypeDef
    314            * @param   NewState Enable or Disable the Clock Switch interrupt.
    315            * @param   CLK_CurrentClockState current clock to switch OFF or to keep ON.
    316            * It can be set of the values of @ref CLK_CurrentClockState_TypeDef
    317            * @retval ErrorStatus this shows the clock switch status (ERROR/SUCCESS).
    318            */

   \                                 In section .far_func.text, align 1
    319          ErrorStatus CLK_ClockSwitchConfig(CLK_SwitchMode_TypeDef CLK_SwitchMode, CLK_Source_TypeDef CLK_NewClock, FunctionalState ITState, CLK_CurrentClockState_TypeDef CLK_CurrentClockState)
    320          {
   \                     CLK_ClockSwitchConfig:
   \   000000 8D ......    CALLF     L:?push_l2
   \   000004 8D ......    CALLF     L:?push_l3
   \   000008 B7 ..        LD        S:?b12, A
   \   00000A 45 .. ..     MOV       S:?b11, S:?b0
   \   00000D 45 .. ..     MOV       S:?b14, S:?b1
   \   000010 45 .. ..     MOV       S:?b13, S:?b2
    321          
    322              CLK_Source_TypeDef clock_master;
    323              uint16_t DownCounter = CLK_TIMEOUT;
   \   000013 AE 0491      LDW       X, #0x491
   \   000016 BF ..        LDW       S:?w4, X
    324              ErrorStatus Swif = ERROR;
   \   000018 3F ..        CLR       S:?b10
    325          
    326              /* Check the parameters */
    327              assert_param(IS_CLK_SOURCE_OK(CLK_NewClock));
   \   00001A B6 ..        LD        A, S:?b11
   \   00001C A1 E1        CP        A, #0xe1
   \   00001E 27 1B        JREQ      L:??CLK_ClockSwitchConfig_0
   \   000020 B6 ..        LD        A, S:?b11
   \   000022 A1 D2        CP        A, #0xd2
   \   000024 27 15        JREQ      L:??CLK_ClockSwitchConfig_0
   \   000026 B6 ..        LD        A, S:?b11
   \   000028 A1 B4        CP        A, #0xb4
   \   00002A 27 0F        JREQ      L:??CLK_ClockSwitchConfig_0
   \   00002C AE 0147      LDW       X, #0x147
   \   00002F BF ..        LDW       S:?w1, X
   \   000031 5F           CLRW      X
   \   000032 BF ..        LDW       S:?w0, X
   \   000034 AE ....      LDW       X, #`?<Constant "C:\\\\SNAP_101\\\\stm8s_clk.c">`
   \   000037 8D ......    CALLF     assert_failed
    328              assert_param(IS_CLK_SWITCHMODE_OK(CLK_SwitchMode));
   \                     ??CLK_ClockSwitchConfig_0:
   \   00003B 3D ..        TNZ       S:?b12
   \   00003D 27 15        JREQ      L:??CLK_ClockSwitchConfig_1
   \   00003F B6 ..        LD        A, S:?b12
   \   000041 A1 01        CP        A, #0x1
   \   000043 27 0F        JREQ      L:??CLK_ClockSwitchConfig_1
   \   000045 AE 0148      LDW       X, #0x148
   \   000048 BF ..        LDW       S:?w1, X
   \   00004A 5F           CLRW      X
   \   00004B BF ..        LDW       S:?w0, X
   \   00004D AE ....      LDW       X, #`?<Constant "C:\\\\SNAP_101\\\\stm8s_clk.c">`
   \   000050 8D ......    CALLF     assert_failed
    329              assert_param(IS_FUNCTIONALSTATE_OK(ITState));
   \                     ??CLK_ClockSwitchConfig_1:
   \   000054 3D ..        TNZ       S:?b14
   \   000056 27 15        JREQ      L:??CLK_ClockSwitchConfig_2
   \   000058 B6 ..        LD        A, S:?b14
   \   00005A A1 01        CP        A, #0x1
   \   00005C 27 0F        JREQ      L:??CLK_ClockSwitchConfig_2
   \   00005E AE 0149      LDW       X, #0x149
   \   000061 BF ..        LDW       S:?w1, X
   \   000063 5F           CLRW      X
   \   000064 BF ..        LDW       S:?w0, X
   \   000066 AE ....      LDW       X, #`?<Constant "C:\\\\SNAP_101\\\\stm8s_clk.c">`
   \   000069 8D ......    CALLF     assert_failed
    330              assert_param(IS_CLK_CURRENTCLOCKSTATE_OK(CLK_CurrentClockState));
   \                     ??CLK_ClockSwitchConfig_2:
   \   00006D 3D ..        TNZ       S:?b13
   \   00006F 27 15        JREQ      L:??CLK_ClockSwitchConfig_3
   \   000071 B6 ..        LD        A, S:?b13
   \   000073 A1 01        CP        A, #0x1
   \   000075 27 0F        JREQ      L:??CLK_ClockSwitchConfig_3
   \   000077 AE 014A      LDW       X, #0x14a
   \   00007A BF ..        LDW       S:?w1, X
   \   00007C 5F           CLRW      X
   \   00007D BF ..        LDW       S:?w0, X
   \   00007F AE ....      LDW       X, #`?<Constant "C:\\\\SNAP_101\\\\stm8s_clk.c">`
   \   000082 8D ......    CALLF     assert_failed
    331          
    332              /* Current clock master saving */
    333              clock_master = (CLK_Source_TypeDef)CLK->CMSR;
   \                     ??CLK_ClockSwitchConfig_3:
   \   000086 C6 50C3      LD        A, L:0x50c3
   \   000089 B7 ..        LD        S:?b15, A
    334          
    335              /* Automatic switch mode management */
    336              if (CLK_SwitchMode == CLK_SWITCHMODE_AUTO)
   \   00008B B6 ..        LD        A, S:?b12
   \   00008D A1 01        CP        A, #0x1
   \   00008F 26 38        JRNE      L:??CLK_ClockSwitchConfig_4
    337              {
    338          
    339                  /* Enables Clock switch */
    340                  CLK->SWCR |= CLK_SWCR_SWEN;
   \   000091 7212 50C5    BSET      L:0x50c5, #0x1
    341          
    342                  /* Enables or Disables Switch interrupt */
    343                  if (ITState != DISABLE)
   \   000095 3D ..        TNZ       S:?b14
   \   000097 27 06        JREQ      L:??CLK_ClockSwitchConfig_5
    344                  {
    345                      CLK->SWCR |= CLK_SWCR_SWIEN;
   \   000099 7214 50C5    BSET      L:0x50c5, #0x2
   \   00009D 20 04        JRA       L:??CLK_ClockSwitchConfig_6
    346                  }
    347                  else
    348                  {
    349                      CLK->SWCR &= (uint8_t)(~CLK_SWCR_SWIEN);
   \                     ??CLK_ClockSwitchConfig_5:
   \   00009F 7215 50C5    BRES      L:0x50c5, #0x2
    350                  }
    351          
    352                  /* Selection of the target clock source */
    353                  CLK->SWR = (uint8_t)CLK_NewClock;
   \                     ??CLK_ClockSwitchConfig_6:
   \   0000A3 B6 ..        LD        A, S:?b11
   \   0000A5 C7 50C4      LD        L:0x50c4, A
    354          
    355                  while ((((CLK->SWCR & CLK_SWCR_SWBSY) != 0 )&& (DownCounter != 0)))
   \                     ??CLK_ClockSwitchConfig_7:
   \   0000A8 7201 50C5 0C BTJF      L:0x50c5, #0x0, L:??CLK_ClockSwitchConfig_8
   \   0000AD BE ..        LDW       X, S:?w4
   \   0000AF 5D           TNZW      X
   \   0000B0 27 07        JREQ      L:??CLK_ClockSwitchConfig_8
    356                  {
    357                      DownCounter--;
   \   0000B2 BE ..        LDW       X, S:?w4
   \   0000B4 5A           DECW      X
   \   0000B5 BF ..        LDW       S:?w4, X
   \   0000B7 20 EF        JRA       L:??CLK_ClockSwitchConfig_7
    358                  }
    359          
    360                  if (DownCounter != 0)
   \                     ??CLK_ClockSwitchConfig_8:
   \   0000B9 BE ..        LDW       X, S:?w4
   \   0000BB 5D           TNZW      X
   \   0000BC 27 06        JREQ      L:??CLK_ClockSwitchConfig_9
    361                  {
    362                      Swif = SUCCESS;
   \   0000BE A6 01        LD        A, #0x1
   \   0000C0 B7 ..        LD        S:?b10, A
   \   0000C2 20 1C        JRA       L:??CLK_ClockSwitchConfig_10
    363                  }
    364                  else
    365                  {
    366                      Swif = ERROR;
   \                     ??CLK_ClockSwitchConfig_9:
   \   0000C4 4F           CLR       A
   \   0000C5 B7 ..        LD        S:?b10, A
   \   0000C7 20 17        JRA       L:??CLK_ClockSwitchConfig_10
    367                  }
    368          
    369              }
    370              else /* CLK_SwitchMode == CLK_SWITCHMODE_MANUAL */
    371              {
    372          
    373                  /* Enables or Disables Switch interrupt  if required  */
    374                  if (ITState != DISABLE)
   \                     ??CLK_ClockSwitchConfig_4:
   \   0000C9 3D ..        TNZ       S:?b14
   \   0000CB 27 06        JREQ      L:??CLK_ClockSwitchConfig_11
    375                  {
    376                      CLK->SWCR |= CLK_SWCR_SWIEN;
   \   0000CD 7214 50C5    BSET      L:0x50c5, #0x2
   \   0000D1 20 04        JRA       L:??CLK_ClockSwitchConfig_12
    377                  }
    378                  else
    379                  {
    380                      CLK->SWCR &= (uint8_t)(~CLK_SWCR_SWIEN);
   \                     ??CLK_ClockSwitchConfig_11:
   \   0000D3 7215 50C5    BRES      L:0x50c5, #0x2
    381                  }
    382          
    383                  /* Selection of the target clock source */
    384                  CLK->SWR = (uint8_t)CLK_NewClock;
   \                     ??CLK_ClockSwitchConfig_12:
   \   0000D7 B6 ..        LD        A, S:?b11
   \   0000D9 C7 50C4      LD        L:0x50c4, A
    385          
    386                  /* In manual mode, there is no risk to be stuck in a loop, value returned
    387                    is then always SUCCESS */
    388                  Swif = SUCCESS;
   \   0000DC A6 01        LD        A, #0x1
   \   0000DE B7 ..        LD        S:?b10, A
    389          
    390              }
    391          
    392              /* Switch OFF current clock if required */
    393              if ((CLK_CurrentClockState == CLK_CURRENTCLOCKSTATE_DISABLE) && ( clock_master == CLK_SOURCE_HSI))
   \                     ??CLK_ClockSwitchConfig_10:
   \   0000E0 3D ..        TNZ       S:?b13
   \   0000E2 26 0C        JRNE      L:??CLK_ClockSwitchConfig_13
   \   0000E4 B6 ..        LD        A, S:?b15
   \   0000E6 A1 E1        CP        A, #0xe1
   \   0000E8 26 06        JRNE      L:??CLK_ClockSwitchConfig_13
    394              {
    395                  CLK->ICKR &= (uint8_t)(~CLK_ICKR_HSIEN);
   \   0000EA 7211 50C0    BRES      L:0x50c0, #0x0
   \   0000EE 20 1E        JRA       L:??CLK_ClockSwitchConfig_14
    396              }
    397              else if ((CLK_CurrentClockState == CLK_CURRENTCLOCKSTATE_DISABLE) && ( clock_master == CLK_SOURCE_LSI))
   \                     ??CLK_ClockSwitchConfig_13:
   \   0000F0 3D ..        TNZ       S:?b13
   \   0000F2 26 0C        JRNE      L:??CLK_ClockSwitchConfig_15
   \   0000F4 B6 ..        LD        A, S:?b15
   \   0000F6 A1 D2        CP        A, #0xd2
   \   0000F8 26 06        JRNE      L:??CLK_ClockSwitchConfig_15
    398              {
    399                  CLK->ICKR &= (uint8_t)(~CLK_ICKR_LSIEN);
   \   0000FA 7217 50C0    BRES      L:0x50c0, #0x3
   \   0000FE 20 0E        JRA       L:??CLK_ClockSwitchConfig_14
    400              }
    401              else if ((CLK_CurrentClockState == CLK_CURRENTCLOCKSTATE_DISABLE) && ( clock_master == CLK_SOURCE_HSE))
   \                     ??CLK_ClockSwitchConfig_15:
   \   000100 3D ..        TNZ       S:?b13
   \   000102 26 0A        JRNE      L:??CLK_ClockSwitchConfig_14
   \   000104 B6 ..        LD        A, S:?b15
   \   000106 A1 B4        CP        A, #0xb4
   \   000108 26 04        JRNE      L:??CLK_ClockSwitchConfig_14
    402              {
    403                  CLK->ECKR &= (uint8_t)(~CLK_ECKR_HSEEN);
   \   00010A 7211 50C1    BRES      L:0x50c1, #0x0
    404              }
    405          
    406              return(Swif);
   \                     ??CLK_ClockSwitchConfig_14:
   \   00010E B6 ..        LD        A, S:?b10
   \   000110 AC ......    JPF       L:?epilogue_l2_l3
    407          
    408          }
    409          
    410          /**
    411            * @brief  Configures the HSI clock dividers.
    412            * @param   HSIPrescaler : Specifies the HSI clock divider to apply.
    413            * This parameter can be any of the @ref CLK_Prescaler_TypeDef enumeration.
    414            * @retval None
    415            */

   \                                 In section .far_func.text, align 1
    416          void CLK_HSIPrescalerConfig(CLK_Prescaler_TypeDef HSIPrescaler)
    417          {
   \                     CLK_HSIPrescalerConfig:
   \   000000 3B ....      PUSH      S:?b8
   \   000003 B7 ..        LD        S:?b8, A
    418          
    419              /* check the parameters */
    420              assert_param(IS_CLK_HSIPRESCALER_OK(HSIPrescaler));
   \   000005 3D ..        TNZ       S:?b8
   \   000007 27 21        JREQ      L:??CLK_HSIPrescalerConfig_0
   \   000009 B6 ..        LD        A, S:?b8
   \   00000B A1 08        CP        A, #0x8
   \   00000D 27 1B        JREQ      L:??CLK_HSIPrescalerConfig_0
   \   00000F B6 ..        LD        A, S:?b8
   \   000011 A1 10        CP        A, #0x10
   \   000013 27 15        JREQ      L:??CLK_HSIPrescalerConfig_0
   \   000015 B6 ..        LD        A, S:?b8
   \   000017 A1 18        CP        A, #0x18
   \   000019 27 0F        JREQ      L:??CLK_HSIPrescalerConfig_0
   \   00001B AE 01A4      LDW       X, #0x1a4
   \   00001E BF ..        LDW       S:?w1, X
   \   000020 5F           CLRW      X
   \   000021 BF ..        LDW       S:?w0, X
   \   000023 AE ....      LDW       X, #`?<Constant "C:\\\\SNAP_101\\\\stm8s_clk.c">`
   \   000026 8D ......    CALLF     assert_failed
    421          
    422              /* Clear High speed internal clock prescaler */
    423              CLK->CKDIVR &= (uint8_t)(~CLK_CKDIVR_HSIDIV);
   \                     ??CLK_HSIPrescalerConfig_0:
   \   00002A C6 50C6      LD        A, L:0x50c6
   \   00002D A4 E7        AND       A, #0xe7
   \   00002F C7 50C6      LD        L:0x50c6, A
    424          
    425              /* Set High speed internal clock prescaler */
    426              CLK->CKDIVR |= (uint8_t)HSIPrescaler;
   \   000032 B6 ..        LD        A, S:?b8
   \   000034 CA 50C6      OR        A, L:0x50c6
   \   000037 C7 50C6      LD        L:0x50c6, A
    427          
    428          }
   \   00003A 32 ....      POP       S:?b8
   \   00003D 87           RETF
    429          
    430          /**
    431            * @brief  Output the selected clock on a dedicated I/O pin.
    432            * @param   CLK_CCO : Specifies the clock source.
    433            * This parameter can be any of the  @ref CLK_Output_TypeDef enumeration.
    434            * @retval None
    435            * @par Required preconditions:
    436            * The dedicated I/O pin must be set at 1 in the corresponding Px_CR1 register \n
    437            * to be set as input with pull-up or push-pull output.
    438            */

   \                                 In section .far_func.text, align 1
    439          void CLK_CCOConfig(CLK_Output_TypeDef CLK_CCO)
    440          {
   \                     CLK_CCOConfig:
   \   000000 3B ....      PUSH      S:?b8
   \   000003 B7 ..        LD        S:?b8, A
    441          
    442              /* check the parameters */
    443              assert_param(IS_CLK_OUTPUT_OK(CLK_CCO));
   \   000005 3D ..        TNZ       S:?b8
   \   000007 27 57        JREQ      L:??CLK_CCOConfig_0
   \   000009 B6 ..        LD        A, S:?b8
   \   00000B A1 04        CP        A, #0x4
   \   00000D 27 51        JREQ      L:??CLK_CCOConfig_0
   \   00000F B6 ..        LD        A, S:?b8
   \   000011 A1 02        CP        A, #0x2
   \   000013 27 4B        JREQ      L:??CLK_CCOConfig_0
   \   000015 B6 ..        LD        A, S:?b8
   \   000017 A1 08        CP        A, #0x8
   \   000019 27 45        JREQ      L:??CLK_CCOConfig_0
   \   00001B B6 ..        LD        A, S:?b8
   \   00001D A1 0A        CP        A, #0xa
   \   00001F 27 3F        JREQ      L:??CLK_CCOConfig_0
   \   000021 B6 ..        LD        A, S:?b8
   \   000023 A1 0C        CP        A, #0xc
   \   000025 27 39        JREQ      L:??CLK_CCOConfig_0
   \   000027 B6 ..        LD        A, S:?b8
   \   000029 A1 0E        CP        A, #0xe
   \   00002B 27 33        JREQ      L:??CLK_CCOConfig_0
   \   00002D B6 ..        LD        A, S:?b8
   \   00002F A1 10        CP        A, #0x10
   \   000031 27 2D        JREQ      L:??CLK_CCOConfig_0
   \   000033 B6 ..        LD        A, S:?b8
   \   000035 A1 12        CP        A, #0x12
   \   000037 27 27        JREQ      L:??CLK_CCOConfig_0
   \   000039 B6 ..        LD        A, S:?b8
   \   00003B A1 14        CP        A, #0x14
   \   00003D 27 21        JREQ      L:??CLK_CCOConfig_0
   \   00003F B6 ..        LD        A, S:?b8
   \   000041 A1 16        CP        A, #0x16
   \   000043 27 1B        JREQ      L:??CLK_CCOConfig_0
   \   000045 B6 ..        LD        A, S:?b8
   \   000047 A1 18        CP        A, #0x18
   \   000049 27 15        JREQ      L:??CLK_CCOConfig_0
   \   00004B B6 ..        LD        A, S:?b8
   \   00004D A1 1A        CP        A, #0x1a
   \   00004F 27 0F        JREQ      L:??CLK_CCOConfig_0
   \   000051 AE 01BB      LDW       X, #0x1bb
   \   000054 BF ..        LDW       S:?w1, X
   \   000056 5F           CLRW      X
   \   000057 BF ..        LDW       S:?w0, X
   \   000059 AE ....      LDW       X, #`?<Constant "C:\\\\SNAP_101\\\\stm8s_clk.c">`
   \   00005C 8D ......    CALLF     assert_failed
    444          
    445              /* Clears of the CCO type bits part */
    446              CLK->CCOR &= (uint8_t)(~CLK_CCOR_CCOSEL);
   \                     ??CLK_CCOConfig_0:
   \   000060 C6 50C9      LD        A, L:0x50c9
   \   000063 A4 E1        AND       A, #0xe1
   \   000065 C7 50C9      LD        L:0x50c9, A
    447          
    448              /* Selects the source provided on cco_ck output */
    449              CLK->CCOR |= (uint8_t)CLK_CCO;
   \   000068 B6 ..        LD        A, S:?b8
   \   00006A CA 50C9      OR        A, L:0x50c9
   \   00006D C7 50C9      LD        L:0x50c9, A
    450          
    451              /* Enable the clock output */
    452              CLK->CCOR |= CLK_CCOR_CCOEN;
   \   000070 7210 50C9    BSET      L:0x50c9, #0x0
    453          
    454          }
   \   000074 32 ....      POP       S:?b8
   \   000077 87           RETF
    455          
    456          /**
    457            * @brief   Enables or disables the specified CLK interrupts.
    458            * @param   CLK_IT This parameter specifies the interrupt sources.
    459            * It can be one of the values of @ref CLK_IT_TypeDef.
    460            * @param   NewState New state of the Interrupt.
    461            * Value accepted ENABLE, DISABLE.
    462            * @retval None
    463            */

   \                                 In section .far_func.text, align 1
    464          void CLK_ITConfig(CLK_IT_TypeDef CLK_IT, FunctionalState NewState)
    465          {
   \                     CLK_ITConfig:
   \   000000 8D ......    CALLF     L:?push_w4
   \   000004 B7 ..        LD        S:?b8, A
   \   000006 45 .. ..     MOV       S:?b9, S:?b0
    466          
    467              /* check the parameters */
    468              assert_param(IS_FUNCTIONALSTATE_OK(NewState));
   \   000009 3D ..        TNZ       S:?b9
   \   00000B 27 15        JREQ      L:??CLK_ITConfig_0
   \   00000D B6 ..        LD        A, S:?b9
   \   00000F A1 01        CP        A, #0x1
   \   000011 27 0F        JREQ      L:??CLK_ITConfig_0
   \   000013 AE 01D4      LDW       X, #0x1d4
   \   000016 BF ..        LDW       S:?w1, X
   \   000018 5F           CLRW      X
   \   000019 BF ..        LDW       S:?w0, X
   \   00001B AE ....      LDW       X, #`?<Constant "C:\\\\SNAP_101\\\\stm8s_clk.c">`
   \   00001E 8D ......    CALLF     assert_failed
    469              assert_param(IS_CLK_IT_OK(CLK_IT));
   \                     ??CLK_ITConfig_0:
   \   000022 B6 ..        LD        A, S:?b8
   \   000024 A1 0C        CP        A, #0xc
   \   000026 27 15        JREQ      L:??CLK_ITConfig_1
   \   000028 B6 ..        LD        A, S:?b8
   \   00002A A1 1C        CP        A, #0x1c
   \   00002C 27 0F        JREQ      L:??CLK_ITConfig_1
   \   00002E AE 01D5      LDW       X, #0x1d5
   \   000031 BF ..        LDW       S:?w1, X
   \   000033 5F           CLRW      X
   \   000034 BF ..        LDW       S:?w0, X
   \   000036 AE ....      LDW       X, #`?<Constant "C:\\\\SNAP_101\\\\stm8s_clk.c">`
   \   000039 8D ......    CALLF     assert_failed
    470          
    471              if (NewState != DISABLE)
   \                     ??CLK_ITConfig_1:
   \   00003D 3D ..        TNZ       S:?b9
   \   00003F 27 1A        JREQ      L:??CLK_ITConfig_2
    472              {
    473                  switch (CLK_IT)
   \   000041 B6 ..        LD        A, S:?b8
   \   000043 A1 0C        CP        A, #0xc
   \   000045 27 0C        JREQ      L:??CLK_ITConfig_3
   \   000047 A1 1C        CP        A, #0x1c
   \   000049 27 02        JREQ      L:??CLK_ITConfig_4
   \   00004B 20 0C        JRA       L:??CLK_ITConfig_5
    474                  {
    475                  case CLK_IT_SWIF: /* Enable the clock switch interrupt */
    476                      CLK->SWCR |= CLK_SWCR_SWIEN;
   \                     ??CLK_ITConfig_4:
   \   00004D 7214 50C5    BSET      L:0x50c5, #0x2
    477                      break;
   \   000051 20 20        JRA       L:??CLK_ITConfig_6
    478                  case CLK_IT_CSSD: /* Enable the clock security system detection interrupt */
    479                      CLK->CSSR |= CLK_CSSR_CSSDIE;
   \                     ??CLK_ITConfig_3:
   \   000053 7214 50C8    BSET      L:0x50c8, #0x2
    480                      break;
   \   000057 20 1A        JRA       L:??CLK_ITConfig_6
    481                  default:
    482                      break;
   \                     ??CLK_ITConfig_5:
   \   000059 20 18        JRA       L:??CLK_ITConfig_6
    483                  }
    484              }
    485              else  /*(NewState == DISABLE)*/
    486              {
    487                  switch (CLK_IT)
   \                     ??CLK_ITConfig_2:
   \   00005B B6 ..        LD        A, S:?b8
   \   00005D A1 0C        CP        A, #0xc
   \   00005F 27 0C        JREQ      L:??CLK_ITConfig_7
   \   000061 A1 1C        CP        A, #0x1c
   \   000063 27 02        JREQ      L:??CLK_ITConfig_8
   \   000065 20 0C        JRA       L:??CLK_ITConfig_9
    488                  {
    489                  case CLK_IT_SWIF: /* Disable the clock switch interrupt */
    490                      CLK->SWCR  &= (uint8_t)(~CLK_SWCR_SWIEN);
   \                     ??CLK_ITConfig_8:
   \   000067 7215 50C5    BRES      L:0x50c5, #0x2
    491                      break;
   \   00006B 20 06        JRA       L:??CLK_ITConfig_6
    492                  case CLK_IT_CSSD: /* Disable the clock security system detection interrupt */
    493                      CLK->CSSR &= (uint8_t)(~CLK_CSSR_CSSDIE);
   \                     ??CLK_ITConfig_7:
   \   00006D 7215 50C8    BRES      L:0x50c8, #0x2
    494                      break;
   \   000071 20 00        JRA       L:??CLK_ITConfig_6
    495                  default:
    496                      break;
    497                  }
    498              }
    499          
    500          }
   \                     ??CLK_ITConfig_9:
   \                     ??CLK_ITConfig_6:
   \   000073 AC ......    JPF       L:?epilogue_w4
    501          
    502          /**
    503            * @brief  Configures the HSI and CPU clock dividers.
    504            * @param   ClockPrescaler Specifies the HSI or CPU clock divider to apply.
    505            * @retval None
    506            */

   \                                 In section .far_func.text, align 1
    507          void CLK_SYSCLKConfig(CLK_Prescaler_TypeDef CLK_Prescaler)
    508          {
   \                     CLK_SYSCLKConfig:
   \   000000 3B ....      PUSH      S:?b8
   \   000003 B7 ..        LD        S:?b8, A
    509          
    510              /* check the parameters */
    511              assert_param(IS_CLK_PRESCALER_OK(CLK_Prescaler));
   \   000005 3D ..        TNZ       S:?b8
   \   000007 27 51        JREQ      L:??CLK_SYSCLKConfig_0
   \   000009 B6 ..        LD        A, S:?b8
   \   00000B A1 08        CP        A, #0x8
   \   00000D 27 4B        JREQ      L:??CLK_SYSCLKConfig_0
   \   00000F B6 ..        LD        A, S:?b8
   \   000011 A1 10        CP        A, #0x10
   \   000013 27 45        JREQ      L:??CLK_SYSCLKConfig_0
   \   000015 B6 ..        LD        A, S:?b8
   \   000017 A1 18        CP        A, #0x18
   \   000019 27 3F        JREQ      L:??CLK_SYSCLKConfig_0
   \   00001B B6 ..        LD        A, S:?b8
   \   00001D A1 80        CP        A, #0x80
   \   00001F 27 39        JREQ      L:??CLK_SYSCLKConfig_0
   \   000021 B6 ..        LD        A, S:?b8
   \   000023 A1 81        CP        A, #0x81
   \   000025 27 33        JREQ      L:??CLK_SYSCLKConfig_0
   \   000027 B6 ..        LD        A, S:?b8
   \   000029 A1 82        CP        A, #0x82
   \   00002B 27 2D        JREQ      L:??CLK_SYSCLKConfig_0
   \   00002D B6 ..        LD        A, S:?b8
   \   00002F A1 83        CP        A, #0x83
   \   000031 27 27        JREQ      L:??CLK_SYSCLKConfig_0
   \   000033 B6 ..        LD        A, S:?b8
   \   000035 A1 84        CP        A, #0x84
   \   000037 27 21        JREQ      L:??CLK_SYSCLKConfig_0
   \   000039 B6 ..        LD        A, S:?b8
   \   00003B A1 85        CP        A, #0x85
   \   00003D 27 1B        JREQ      L:??CLK_SYSCLKConfig_0
   \   00003F B6 ..        LD        A, S:?b8
   \   000041 A1 86        CP        A, #0x86
   \   000043 27 15        JREQ      L:??CLK_SYSCLKConfig_0
   \   000045 B6 ..        LD        A, S:?b8
   \   000047 A1 87        CP        A, #0x87
   \   000049 27 0F        JREQ      L:??CLK_SYSCLKConfig_0
   \   00004B AE 01FF      LDW       X, #0x1ff
   \   00004E BF ..        LDW       S:?w1, X
   \   000050 5F           CLRW      X
   \   000051 BF ..        LDW       S:?w0, X
   \   000053 AE ....      LDW       X, #`?<Constant "C:\\\\SNAP_101\\\\stm8s_clk.c">`
   \   000056 8D ......    CALLF     assert_failed
    512          
    513              if (((uint8_t)CLK_Prescaler & (uint8_t)0x80) == 0x00) /* Bit7 = 0 means HSI divider */
   \                     ??CLK_SYSCLKConfig_0:
   \   00005A B6 ..        LD        A, S:?b8
   \   00005C A4 80        AND       A, #0x80
   \   00005E A1 00        CP        A, #0x0
   \   000060 26 14        JRNE      L:??CLK_SYSCLKConfig_1
    514              {
    515                  CLK->CKDIVR &= (uint8_t)(~CLK_CKDIVR_HSIDIV);
   \   000062 C6 50C6      LD        A, L:0x50c6
   \   000065 A4 E7        AND       A, #0xe7
   \   000067 C7 50C6      LD        L:0x50c6, A
    516                  CLK->CKDIVR |= (uint8_t)((uint8_t)CLK_Prescaler & (uint8_t)CLK_CKDIVR_HSIDIV);
   \   00006A B6 ..        LD        A, S:?b8
   \   00006C A4 18        AND       A, #0x18
   \   00006E CA 50C6      OR        A, L:0x50c6
   \   000071 C7 50C6      LD        L:0x50c6, A
   \   000074 20 12        JRA       L:??CLK_SYSCLKConfig_2
    517              }
    518              else /* Bit7 = 1 means CPU divider */
    519              {
    520                  CLK->CKDIVR &= (uint8_t)(~CLK_CKDIVR_CPUDIV);
   \                     ??CLK_SYSCLKConfig_1:
   \   000076 C6 50C6      LD        A, L:0x50c6
   \   000079 A4 F8        AND       A, #0xf8
   \   00007B C7 50C6      LD        L:0x50c6, A
    521                  CLK->CKDIVR |= (uint8_t)((uint8_t)CLK_Prescaler & (uint8_t)CLK_CKDIVR_CPUDIV);
   \   00007E B6 ..        LD        A, S:?b8
   \   000080 A4 07        AND       A, #0x7
   \   000082 CA 50C6      OR        A, L:0x50c6
   \   000085 C7 50C6      LD        L:0x50c6, A
    522              }
    523          
    524          }
   \                     ??CLK_SYSCLKConfig_2:
   \   000088 32 ....      POP       S:?b8
   \   00008B 87           RETF
    525          /**
    526            * @brief  Configures the SWIM clock frequency on the fly.
    527            * @param   CLK_SWIMDivider Specifies the SWIM clock divider to apply.
    528            * can be one of the value of @ref CLK_SWIMDivider_TypeDef
    529            * @retval None
    530            */

   \                                 In section .far_func.text, align 1
    531          void CLK_SWIMConfig(CLK_SWIMDivider_TypeDef CLK_SWIMDivider)
    532          {
   \                     CLK_SWIMConfig:
   \   000000 3B ....      PUSH      S:?b8
   \   000003 B7 ..        LD        S:?b8, A
    533          
    534              /* check the parameters */
    535              assert_param(IS_CLK_SWIMDIVIDER_OK(CLK_SWIMDivider));
   \   000005 3D ..        TNZ       S:?b8
   \   000007 27 15        JREQ      L:??CLK_SWIMConfig_0
   \   000009 B6 ..        LD        A, S:?b8
   \   00000B A1 01        CP        A, #0x1
   \   00000D 27 0F        JREQ      L:??CLK_SWIMConfig_0
   \   00000F AE 0217      LDW       X, #0x217
   \   000012 BF ..        LDW       S:?w1, X
   \   000014 5F           CLRW      X
   \   000015 BF ..        LDW       S:?w0, X
   \   000017 AE ....      LDW       X, #`?<Constant "C:\\\\SNAP_101\\\\stm8s_clk.c">`
   \   00001A 8D ......    CALLF     assert_failed
    536          
    537              if (CLK_SWIMDivider != CLK_SWIMDIVIDER_2)
   \                     ??CLK_SWIMConfig_0:
   \   00001E 3D ..        TNZ       S:?b8
   \   000020 27 06        JREQ      L:??CLK_SWIMConfig_1
    538              {
    539                  /* SWIM clock is not divided by 2 */
    540                  CLK->SWIMCCR |= CLK_SWIMCCR_SWIMDIV;
   \   000022 7210 50CD    BSET      L:0x50cd, #0x0
   \   000026 20 04        JRA       L:??CLK_SWIMConfig_2
    541              }
    542              else /* CLK_SWIMDivider == CLK_SWIMDIVIDER_2 */
    543              {
    544                  /* SWIM clock is divided by 2 */
    545                  CLK->SWIMCCR &= (uint8_t)(~CLK_SWIMCCR_SWIMDIV);
   \                     ??CLK_SWIMConfig_1:
   \   000028 7211 50CD    BRES      L:0x50cd, #0x0
    546              }
    547          
    548          }
   \                     ??CLK_SWIMConfig_2:
   \   00002C 32 ....      POP       S:?b8
   \   00002F 87           RETF
    549          
    550          /**
    551            * @brief  Enables the Clock Security System.
    552            * @par Full description:
    553            * once CSS is enabled it cannot be disabled until the next reset.
    554            * @param  None
    555            * @retval None
    556            */

   \                                 In section .far_func.text, align 1
    557          void CLK_ClockSecuritySystemEnable(void)
    558          {
    559              /* Set CSSEN bit */
    560              CLK->CSSR |= CLK_CSSR_CSSEN;
   \                     CLK_ClockSecuritySystemEnable:
   \   000000 7210 50C8    BSET      L:0x50c8, #0x0
    561          }
   \   000004 87           RETF
    562          
    563          /**
    564            * @brief  Returns the clock source used as system clock.
    565            * @param  None
    566            * @retval  Clock source used.
    567            * can be one of the values of @ref CLK_Source_TypeDef
    568            */

   \                                 In section .far_func.text, align 1
    569          CLK_Source_TypeDef CLK_GetSYSCLKSource(void)
    570          {
    571              return((CLK_Source_TypeDef)CLK->CMSR);
   \                     CLK_GetSYSCLKSource:
   \   000000 C6 50C3      LD        A, L:0x50c3
   \   000003 87           RETF
    572          }
    573          
    574          /**
    575            * @brief  This function returns the frequencies of different on chip clocks.
    576            * @param  None
    577            * @retval the master clock frequency
    578            */

   \                                 In section .far_func.text, align 1
    579          uint32_t CLK_GetClockFreq(void)
    580          {
   \                     CLK_GetClockFreq:
   \   000000 8D ......    CALLF     L:?push_l3
   \   000004 8D ......    CALLF     L:?push_w4
   \   000008 3B ....      PUSH      S:?b10
    581          
    582              uint32_t clockfrequency = 0;
   \   00000B 5F           CLRW      X
   \   00000C BF ..        LDW       S:?w7, X
   \   00000E BF ..        LDW       S:?w6, X
    583              CLK_Source_TypeDef clocksource = CLK_SOURCE_HSI;
   \   000010 35 E1 ....   MOV       S:?b10, #0xe1
    584              uint8_t tmp = 0, presc = 0;
   \   000014 3F ..        CLR       S:?b9
   \   000016 3F ..        CLR       S:?b8
    585          
    586              /* Get CLK source. */
    587              clocksource = (CLK_Source_TypeDef)CLK->CMSR;
   \   000018 C6 50C3      LD        A, L:0x50c3
   \   00001B B7 ..        LD        S:?b10, A
    588          
    589              if (clocksource == CLK_SOURCE_HSI)
   \   00001D B6 ..        LD        A, S:?b10
   \   00001F A1 E1        CP        A, #0xe1
   \   000021 26 30        JRNE      L:??CLK_GetClockFreq_0
    590              {
    591                  tmp = (uint8_t)(CLK->CKDIVR & CLK_CKDIVR_HSIDIV);
   \   000023 C6 50C6      LD        A, L:0x50c6
   \   000026 A4 18        AND       A, #0x18
   \   000028 B7 ..        LD        S:?b9, A
    592                  tmp = (uint8_t)(tmp >> 3);
   \   00002A B6 ..        LD        A, S:?b9
   \   00002C 44           SRL       A
   \   00002D 44           SRL       A
   \   00002E 44           SRL       A
   \   00002F B7 ..        LD        S:?b9, A
    593                  presc = HSIDivFactor[tmp];
   \   000031 5F           CLRW      X
   \   000032 41           EXG       A, XL
   \   000033 B6 ..        LD        A, S:?b9
   \   000035 41           EXG       A, XL
   \   000036 D6 ....      LD        A, (L:HSIDivFactor,X)
   \   000039 B7 ..        LD        S:?b8, A
    594                  clockfrequency = HSI_VALUE / presc;
   \   00003B 5F           CLRW      X
   \   00003C 41           EXG       A, XL
   \   00003D B6 ..        LD        A, S:?b8
   \   00003F 41           EXG       A, XL
   \   000040 BF ..        LDW       S:?w3, X
   \   000042 5F           CLRW      X
   \   000043 BF ..        LDW       S:?w2, X
   \   000045 8D ......    CALLF     L:?udiv32_l0_dl_l1
   \   000049 00F42400     DC32      0xf42400
   \   00004D 8D ......    CALLF     L:?mov_l3_l0
   \   000051 20 23        JRA       L:??CLK_GetClockFreq_1
    595              }
    596              else if ( clocksource == CLK_SOURCE_LSI)
   \                     ??CLK_GetClockFreq_0:
   \   000053 B6 ..        LD        A, S:?b10
   \   000055 A1 D2        CP        A, #0xd2
   \   000057 26 0F        JRNE      L:??CLK_GetClockFreq_2
    597              {
    598                  clockfrequency = LSI_VALUE;
   \   000059 AE F400      LDW       X, #0xf400
   \   00005C BF ..        LDW       S:?w1, X
   \   00005E 5F           CLRW      X
   \   00005F 5C           INCW      X
   \   000060 BF ..        LDW       S:?w0, X
   \   000062 8D ......    CALLF     L:?mov_l3_l0
   \   000066 20 0E        JRA       L:??CLK_GetClockFreq_1
    599              }
    600              else
    601              {
    602                  clockfrequency = HSE_VALUE;
   \                     ??CLK_GetClockFreq_2:
   \   000068 AE 3600      LDW       X, #0x3600
   \   00006B BF ..        LDW       S:?w1, X
   \   00006D AE 016E      LDW       X, #0x16e
   \   000070 BF ..        LDW       S:?w0, X
   \   000072 8D ......    CALLF     L:?mov_l3_l0
    603              }
    604          
    605              return((uint32_t)clockfrequency);
   \                     ??CLK_GetClockFreq_1:
   \   000076 8D ......    CALLF     L:?mov_l0_l3
   \   00007A 32 ....      POP       S:?b10
   \   00007D 8D ......    CALLF     L:?pop_w4
   \   000081 8D ......    CALLF     L:?pop_l3
   \   000085 87           RETF
    606          
    607          }
    608          
    609          /**
    610            * @brief  Adjusts the Internal High Speed oscillator (HSI) calibration value.
    611            * @par Full description:
    612            * @param   CLK_HSICalibrationValue calibration trimming value.
    613            * can be one of the values of @ref CLK_HSITrimValue_TypeDef
    614            * @retval None
    615            */

   \                                 In section .far_func.text, align 1
    616          void CLK_AdjustHSICalibrationValue(CLK_HSITrimValue_TypeDef CLK_HSICalibrationValue)
    617          {
   \                     CLK_AdjustHSICalibrationValue:
   \   000000 3B ....      PUSH      S:?b8
   \   000003 B7 ..        LD        S:?b8, A
    618          
    619              /* check the parameters */
    620              assert_param(IS_CLK_HSITRIMVALUE_OK(CLK_HSICalibrationValue));
   \   000005 3D ..        TNZ       S:?b8
   \   000007 27 39        JREQ      L:??CLK_AdjustHSICalibrationValue_0
   \   000009 B6 ..        LD        A, S:?b8
   \   00000B A1 01        CP        A, #0x1
   \   00000D 27 33        JREQ      L:??CLK_AdjustHSICalibrationValue_0
   \   00000F B6 ..        LD        A, S:?b8
   \   000011 A1 02        CP        A, #0x2
   \   000013 27 2D        JREQ      L:??CLK_AdjustHSICalibrationValue_0
   \   000015 B6 ..        LD        A, S:?b8
   \   000017 A1 03        CP        A, #0x3
   \   000019 27 27        JREQ      L:??CLK_AdjustHSICalibrationValue_0
   \   00001B B6 ..        LD        A, S:?b8
   \   00001D A1 04        CP        A, #0x4
   \   00001F 27 21        JREQ      L:??CLK_AdjustHSICalibrationValue_0
   \   000021 B6 ..        LD        A, S:?b8
   \   000023 A1 05        CP        A, #0x5
   \   000025 27 1B        JREQ      L:??CLK_AdjustHSICalibrationValue_0
   \   000027 B6 ..        LD        A, S:?b8
   \   000029 A1 06        CP        A, #0x6
   \   00002B 27 15        JREQ      L:??CLK_AdjustHSICalibrationValue_0
   \   00002D B6 ..        LD        A, S:?b8
   \   00002F A1 07        CP        A, #0x7
   \   000031 27 0F        JREQ      L:??CLK_AdjustHSICalibrationValue_0
   \   000033 AE 026C      LDW       X, #0x26c
   \   000036 BF ..        LDW       S:?w1, X
   \   000038 5F           CLRW      X
   \   000039 BF ..        LDW       S:?w0, X
   \   00003B AE ....      LDW       X, #`?<Constant "C:\\\\SNAP_101\\\\stm8s_clk.c">`
   \   00003E 8D ......    CALLF     assert_failed
    621          
    622              /* Store the new value */
    623              CLK->HSITRIMR = (uint8_t)( (uint8_t)(CLK->HSITRIMR & (uint8_t)(~CLK_HSITRIMR_HSITRIM))|((uint8_t)CLK_HSICalibrationValue));
   \                     ??CLK_AdjustHSICalibrationValue_0:
   \   000042 C6 50CC      LD        A, L:0x50cc
   \   000045 A4 F8        AND       A, #0xf8
   \   000047 BA ..        OR        A, S:?b8
   \   000049 C7 50CC      LD        L:0x50cc, A
    624          
    625          }
   \   00004C 32 ....      POP       S:?b8
   \   00004F 87           RETF
    626          
    627          /**
    628            * @brief  Reset the SWBSY flag (SWICR Reister)
    629            * @par Full description:
    630            * This function reset SWBSY flag in order to reset clock switch operations (target
    631            * oscillator is broken, stabilization is longing too much, etc.).  If at the same time \n
    632            * software attempts to set SWEN and clear SWBSY, SWBSY action takes precedence.
    633            * @param  None
    634            * @retval None
    635            */

   \                                 In section .far_func.text, align 1
    636          void CLK_SYSCLKEmergencyClear(void)
    637          {
    638              CLK->SWCR &= (uint8_t)(~CLK_SWCR_SWBSY);
   \                     CLK_SYSCLKEmergencyClear:
   \   000000 7211 50C5    BRES      L:0x50c5, #0x0
    639          }
   \   000004 87           RETF
    640          
    641          /**
    642            * @brief  Checks whether the specified CLK flag is set or not.
    643            * @par Full description:
    644            * @param   CLK_FLAG Flag to check.
    645            * can be one of the values of @ref CLK_Flag_TypeDef
    646            * @retval FlagStatus, status of the checked flag
    647            */

   \                                 In section .far_func.text, align 1
    648          FlagStatus CLK_GetFlagStatus(CLK_Flag_TypeDef CLK_FLAG)
    649          {
   \                     CLK_GetFlagStatus:
   \   000000 8D ......    CALLF     L:?push_l2
   \   000004 8D ......    CALLF     L:?push_w6
   \   000008 BF ..        LDW       S:?w4, X
    650          
    651              uint16_t statusreg = 0;
   \   00000A 3F ..        CLR       S:?b11
   \   00000C 3F ..        CLR       S:?b10
    652              uint8_t tmpreg = 0;
   \   00000E 3F ..        CLR       S:?b12
    653              FlagStatus bitstatus = RESET;
   \   000010 3F ..        CLR       S:?b13
    654          
    655              /* check the parameters */
    656              assert_param(IS_CLK_FLAG_OK(CLK_FLAG));
   \   000012 BE ..        LDW       X, S:?w4
   \   000014 A3 0110      CPW       X, #0x110
   \   000017 27 47        JREQ      L:??CLK_GetFlagStatus_0
   \   000019 BE ..        LDW       X, S:?w4
   \   00001B A3 0102      CPW       X, #0x102
   \   00001E 27 40        JREQ      L:??CLK_GetFlagStatus_0
   \   000020 BE ..        LDW       X, S:?w4
   \   000022 A3 0202      CPW       X, #0x202
   \   000025 27 39        JREQ      L:??CLK_GetFlagStatus_0
   \   000027 BE ..        LDW       X, S:?w4
   \   000029 A3 0308      CPW       X, #0x308
   \   00002C 27 32        JREQ      L:??CLK_GetFlagStatus_0
   \   00002E BE ..        LDW       X, S:?w4
   \   000030 A3 0301      CPW       X, #0x301
   \   000033 27 2B        JREQ      L:??CLK_GetFlagStatus_0
   \   000035 BE ..        LDW       X, S:?w4
   \   000037 A3 0408      CPW       X, #0x408
   \   00003A 27 24        JREQ      L:??CLK_GetFlagStatus_0
   \   00003C BE ..        LDW       X, S:?w4
   \   00003E A3 0402      CPW       X, #0x402
   \   000041 27 1D        JREQ      L:??CLK_GetFlagStatus_0
   \   000043 BE ..        LDW       X, S:?w4
   \   000045 A3 0504      CPW       X, #0x504
   \   000048 27 16        JREQ      L:??CLK_GetFlagStatus_0
   \   00004A BE ..        LDW       X, S:?w4
   \   00004C A3 0502      CPW       X, #0x502
   \   00004F 27 0F        JREQ      L:??CLK_GetFlagStatus_0
   \   000051 AE 0290      LDW       X, #0x290
   \   000054 BF ..        LDW       S:?w1, X
   \   000056 5F           CLRW      X
   \   000057 BF ..        LDW       S:?w0, X
   \   000059 AE ....      LDW       X, #`?<Constant "C:\\\\SNAP_101\\\\stm8s_clk.c">`
   \   00005C 8D ......    CALLF     assert_failed
    657          
    658              /* Get the CLK register index */
    659              statusreg = (uint16_t)((uint16_t)CLK_FLAG & (uint16_t)0xFF00);
   \                     ??CLK_GetFlagStatus_0:
   \   000060 BE ..        LDW       X, S:?w4
   \   000062 02           RLWA      X, A
   \   000063 A4 FF        AND       A, #0xff
   \   000065 02           RLWA      X, A
   \   000066 A4 00        AND       A, #0x0
   \   000068 02           RLWA      X, A
   \   000069 BF ..        LDW       S:?w5, X
    660          
    661          
    662              if (statusreg == 0x0100) /* The flag to check is in ICKRregister */
   \   00006B BE ..        LDW       X, S:?w5
   \   00006D A3 0100      CPW       X, #0x100
   \   000070 26 07        JRNE      L:??CLK_GetFlagStatus_1
    663              {
    664                  tmpreg = CLK->ICKR;
   \   000072 C6 50C0      LD        A, L:0x50c0
   \   000075 B7 ..        LD        S:?b12, A
   \   000077 20 2F        JRA       L:??CLK_GetFlagStatus_2
    665              }
    666              else if (statusreg == 0x0200) /* The flag to check is in ECKRregister */
   \                     ??CLK_GetFlagStatus_1:
   \   000079 BE ..        LDW       X, S:?w5
   \   00007B A3 0200      CPW       X, #0x200
   \   00007E 26 07        JRNE      L:??CLK_GetFlagStatus_3
    667              {
    668                  tmpreg = CLK->ECKR;
   \   000080 C6 50C1      LD        A, L:0x50c1
   \   000083 B7 ..        LD        S:?b12, A
   \   000085 20 21        JRA       L:??CLK_GetFlagStatus_2
    669              }
    670              else if (statusreg == 0x0300) /* The flag to check is in SWIC register */
   \                     ??CLK_GetFlagStatus_3:
   \   000087 BE ..        LDW       X, S:?w5
   \   000089 A3 0300      CPW       X, #0x300
   \   00008C 26 07        JRNE      L:??CLK_GetFlagStatus_4
    671              {
    672                  tmpreg = CLK->SWCR;
   \   00008E C6 50C5      LD        A, L:0x50c5
   \   000091 B7 ..        LD        S:?b12, A
   \   000093 20 13        JRA       L:??CLK_GetFlagStatus_2
    673              }
    674              else if (statusreg == 0x0400) /* The flag to check is in CSS register */
   \                     ??CLK_GetFlagStatus_4:
   \   000095 BE ..        LDW       X, S:?w5
   \   000097 A3 0400      CPW       X, #0x400
   \   00009A 26 07        JRNE      L:??CLK_GetFlagStatus_5
    675              {
    676                  tmpreg = CLK->CSSR;
   \   00009C C6 50C8      LD        A, L:0x50c8
   \   00009F B7 ..        LD        S:?b12, A
   \   0000A1 20 05        JRA       L:??CLK_GetFlagStatus_2
    677              }
    678              else /* The flag to check is in CCO register */
    679              {
    680                  tmpreg = CLK->CCOR;
   \                     ??CLK_GetFlagStatus_5:
   \   0000A3 C6 50C9      LD        A, L:0x50c9
   \   0000A6 B7 ..        LD        S:?b12, A
    681              }
    682          
    683              if ((tmpreg & (uint8_t)CLK_FLAG) != (uint8_t)RESET)
   \                     ??CLK_GetFlagStatus_2:
   \   0000A8 B6 ..        LD        A, S:?b9
   \   0000AA B4 ..        AND       A, S:?b12
   \   0000AC A1 00        CP        A, #0x0
   \   0000AE 27 06        JREQ      L:??CLK_GetFlagStatus_6
    684              {
    685                  bitstatus = SET;
   \   0000B0 A6 01        LD        A, #0x1
   \   0000B2 B7 ..        LD        S:?b13, A
   \   0000B4 20 03        JRA       L:??CLK_GetFlagStatus_7
    686              }
    687              else
    688              {
    689                  bitstatus = RESET;
   \                     ??CLK_GetFlagStatus_6:
   \   0000B6 4F           CLR       A
   \   0000B7 B7 ..        LD        S:?b13, A
    690              }
    691          
    692              /* Return the flag status */
    693              return((FlagStatus)bitstatus);
   \                     ??CLK_GetFlagStatus_7:
   \   0000B9 B6 ..        LD        A, S:?b13
   \   0000BB AC ......    JPF       L:?epilogue_l2_w6
    694          
    695          }
    696          
    697          /**
    698            * @brief  Checks whether the specified CLK interrupt has is enabled or not.
    699            * @param   CLK_IT specifies the CLK interrupt.
    700            * can be one of the values of @ref CLK_IT_TypeDef
    701            * @retval ITStatus, new state of CLK_IT (SET or RESET).
    702            */

   \                                 In section .far_func.text, align 1
    703          ITStatus CLK_GetITStatus(CLK_IT_TypeDef CLK_IT)
    704          {
   \                     CLK_GetITStatus:
   \   000000 8D ......    CALLF     L:?push_w4
   \   000004 B7 ..        LD        S:?b9, A
    705          
    706              ITStatus bitstatus = RESET;
   \   000006 3F ..        CLR       S:?b8
    707          
    708              /* check the parameters */
    709              assert_param(IS_CLK_IT_OK(CLK_IT));
   \   000008 B6 ..        LD        A, S:?b9
   \   00000A A1 0C        CP        A, #0xc
   \   00000C 27 15        JREQ      L:??CLK_GetITStatus_0
   \   00000E B6 ..        LD        A, S:?b9
   \   000010 A1 1C        CP        A, #0x1c
   \   000012 27 0F        JREQ      L:??CLK_GetITStatus_0
   \   000014 AE 02C5      LDW       X, #0x2c5
   \   000017 BF ..        LDW       S:?w1, X
   \   000019 5F           CLRW      X
   \   00001A BF ..        LDW       S:?w0, X
   \   00001C AE ....      LDW       X, #`?<Constant "C:\\\\SNAP_101\\\\stm8s_clk.c">`
   \   00001F 8D ......    CALLF     assert_failed
    710          
    711              if (CLK_IT == CLK_IT_SWIF)
   \                     ??CLK_GetITStatus_0:
   \   000023 B6 ..        LD        A, S:?b9
   \   000025 A1 1C        CP        A, #0x1c
   \   000027 26 14        JRNE      L:??CLK_GetITStatus_1
    712              {
    713                  /* Check the status of the clock switch interrupt */
    714                  if ((CLK->SWCR & (uint8_t)CLK_IT) == (uint8_t)0x0C)
   \   000029 B6 ..        LD        A, S:?b9
   \   00002B C4 50C5      AND       A, L:0x50c5
   \   00002E A1 0C        CP        A, #0xc
   \   000030 26 06        JRNE      L:??CLK_GetITStatus_2
    715                  {
    716                      bitstatus = SET;
   \   000032 A6 01        LD        A, #0x1
   \   000034 B7 ..        LD        S:?b8, A
   \   000036 20 17        JRA       L:??CLK_GetITStatus_3
    717                  }
    718                  else
    719                  {
    720                      bitstatus = RESET;
   \                     ??CLK_GetITStatus_2:
   \   000038 4F           CLR       A
   \   000039 B7 ..        LD        S:?b8, A
   \   00003B 20 12        JRA       L:??CLK_GetITStatus_3
    721                  }
    722              }
    723              else /* CLK_IT == CLK_IT_CSSDIE */
    724              {
    725                  /* Check the status of the security system detection interrupt */
    726                  if ((CLK->CSSR & (uint8_t)CLK_IT) == (uint8_t)0x0C)
   \                     ??CLK_GetITStatus_1:
   \   00003D B6 ..        LD        A, S:?b9
   \   00003F C4 50C8      AND       A, L:0x50c8
   \   000042 A1 0C        CP        A, #0xc
   \   000044 26 06        JRNE      L:??CLK_GetITStatus_4
    727                  {
    728                      bitstatus = SET;
   \   000046 A6 01        LD        A, #0x1
   \   000048 B7 ..        LD        S:?b8, A
   \   00004A 20 03        JRA       L:??CLK_GetITStatus_3
    729                  }
    730                  else
    731                  {
    732                      bitstatus = RESET;
   \                     ??CLK_GetITStatus_4:
   \   00004C 4F           CLR       A
   \   00004D B7 ..        LD        S:?b8, A
    733                  }
    734              }
    735          
    736              /* Return the CLK_IT status */
    737              return bitstatus;
   \                     ??CLK_GetITStatus_3:
   \   00004F B6 ..        LD        A, S:?b8
   \   000051 AC ......    JPF       L:?epilogue_w4
    738          
    739          }
    740          
    741          /**
    742            * @brief  Clears the CLKs interrupt pending bits.
    743            * @param   CLK_IT specifies the interrupt pending bits.
    744            * can be one of the values of @ref CLK_IT_TypeDef
    745            * @retval None
    746            */

   \                                 In section .far_func.text, align 1
    747          void CLK_ClearITPendingBit(CLK_IT_TypeDef CLK_IT)
    748          {
   \                     CLK_ClearITPendingBit:
   \   000000 3B ....      PUSH      S:?b8
   \   000003 B7 ..        LD        S:?b8, A
    749          
    750              /* check the parameters */
    751              assert_param(IS_CLK_IT_OK(CLK_IT));
   \   000005 B6 ..        LD        A, S:?b8
   \   000007 A1 0C        CP        A, #0xc
   \   000009 27 15        JREQ      L:??CLK_ClearITPendingBit_0
   \   00000B B6 ..        LD        A, S:?b8
   \   00000D A1 1C        CP        A, #0x1c
   \   00000F 27 0F        JREQ      L:??CLK_ClearITPendingBit_0
   \   000011 AE 02EF      LDW       X, #0x2ef
   \   000014 BF ..        LDW       S:?w1, X
   \   000016 5F           CLRW      X
   \   000017 BF ..        LDW       S:?w0, X
   \   000019 AE ....      LDW       X, #`?<Constant "C:\\\\SNAP_101\\\\stm8s_clk.c">`
   \   00001C 8D ......    CALLF     assert_failed
    752          
    753              if (CLK_IT == (uint8_t)CLK_IT_CSSD)
   \                     ??CLK_ClearITPendingBit_0:
   \   000020 B6 ..        LD        A, S:?b8
   \   000022 A1 0C        CP        A, #0xc
   \   000024 26 06        JRNE      L:??CLK_ClearITPendingBit_1
    754              {
    755                  /* Clear the status of the security system detection interrupt */
    756                  CLK->CSSR &= (uint8_t)(~CLK_CSSR_CSSD);
   \   000026 7217 50C8    BRES      L:0x50c8, #0x3
   \   00002A 20 04        JRA       L:??CLK_ClearITPendingBit_2
    757              }
    758              else /* CLK_PendingBit == (uint8_t)CLK_IT_SWIF */
    759              {
    760                  /* Clear the status of the clock switch interrupt */
    761                  CLK->SWCR &= (uint8_t)(~CLK_SWCR_SWIF);
   \                     ??CLK_ClearITPendingBit_1:
   \   00002C 7217 50C5    BRES      L:0x50c5, #0x3
    762              }
    763          
    764          }
   \                     ??CLK_ClearITPendingBit_2:
   \   000030 32 ....      POP       S:?b8
   \   000033 87           RETF

   \                                 In section .near.rodata, align 1
   \                     `?<Constant "C:\\\\SNAP_101\\\\stm8s_clk.c">`:
   \   000000 43 3A 5C 53  DC8 "C:\\SNAP_101\\stm8s_clk.c"
   \          4E 41 50 5F 
    765          /**
    766            * @}
    767            */
    768            
    769          /**
    770            * @}
    771            */
    772            
    773          /******************* (C) COPYRIGHT 2011 STMicroelectronics *****END OF FILE****/

   Section sizes:

   Bytes  Function/Label
   -----  --------------
      24  ?<Constant "C:\\SNAP_101\\stm8s_clk.c">
       8  CLKPrescTable
      80  CLK_AdjustHSICalibrationValue
      48  CLK_CCOCmd
     120  CLK_CCOConfig
      52  CLK_ClearITPendingBit
       5  CLK_ClockSecuritySystemEnable
      48  CLK_ClockSwitchCmd
     276  CLK_ClockSwitchConfig
      54  CLK_DeInit
      48  CLK_FastHaltWakeUpCmd
     134  CLK_GetClockFreq
     191  CLK_GetFlagStatus
      85  CLK_GetITStatus
       4  CLK_GetSYSCLKSource
      48  CLK_HSECmd
      48  CLK_HSICmd
      62  CLK_HSIPrescalerConfig
     119  CLK_ITConfig
      48  CLK_LSICmd
     227  CLK_PeripheralClockConfig
      48  CLK_SWIMConfig
     140  CLK_SYSCLKConfig
       5  CLK_SYSCLKEmergencyClear
      48  CLK_SlowActiveHaltWakeUpCmd
       4  HSIDivFactor

 
 1 938 bytes in section .far_func.text
    36 bytes in section .near.rodata
 
 1 938 bytes of CODE  memory
    36 bytes of CONST memory

Errors: none
Warnings: none
