###############################################################################
#                                                                             #
# IAR C/C++ Compiler V1.40.1.50106 for STM8             28/May/2013  10:07:24 #
# Copyright 2010-2013 IAR Systems AB.                                         #
#                                                                             #
#    Source file  =  C:\Program Files\IAR Systems\Embedded Workbench          #
#                    6.5_2\stm8\src\lib\strcpy.c                              #
#    Command line =  "C:\Program Files\IAR Systems\Embedded Workbench         #
#                    6.5_2\stm8\src\lib\strcpy.c" -e --enable_multibytes -Oh  #
#                    --debug --code_model small --data_model small -o         #
#                    C:\SNAP\SNAP_100\Debug\Obj\ --dlib_config "C:\Program    #
#                    Files\IAR Systems\Embedded Workbench                     #
#                    6.5\stm8\LIB\dlstm8ssn.h" -D STM8S007 -lC                #
#                    C:\SNAP\SNAP_100\Debug\List\ -I .\ --require_prototypes  #
#                    --vregs 16                                               #
#    List file    =  C:\SNAP\SNAP_100\Debug\List\strcpy.lst                   #
#    Object file  =  C:\SNAP\SNAP_100\Debug\Obj\strcpy.o                      #
#                                                                             #
#                                                                             #
###############################################################################

C:\Program Files\IAR Systems\Embedded Workbench 6.5_2\stm8\src\lib\strcpy.c
      1          /* strcpy function */
      2          /* Copyright 2005-2010 IAR Systems AB. */
      3          #include <yvals.h>
      4          #define _STRING_MORE_INLINES
      5          #include <string.h>

   \                                 In section .near_func.text, align 1
   \   __intrinsic __nounwind char *strcpy(char *, char const *)
   \                     strcpy:
   \   000000 BF ..        LDW       S:?w0, X
   \   000002 93           LDW       X, Y
   \   000003 90BE ..      LDW       Y, S:?w0
   \                     ??strcpy_0:
   \   000006 F6           LD        A, (X)
   \   000007 5C           INCW      X
   \   000008 90F7         LD        (Y), A
   \   00000A 905C         INCW      Y
   \   00000C 4D           TNZ       A
   \   00000D 26 F7        JRNE      L:??strcpy_0
   \   00000F BE ..        LDW       X, S:?w0
   \   000011 81           RET
      6          #include "xinstantiate.h"
      7          
      8          _STD_BEGIN
      9          
     10          _INSTANTIATE(strcpy);
     11          
     12          _STD_END

   Section sizes:

   Bytes  Function/Label
   -----  --------------
      18  strcpy

 
 18 bytes in section .near_func.text
 
 0 bytes of CODE memory (+ 18 bytes shared)

Errors: none
Warnings: none
