###############################################################################
#                                                                             #
# IAR C/C++ Compiler V1.40.1.50106 for STM8             28/May/2013  13:15:19 #
# Copyright 2010-2013 IAR Systems AB.                                         #
#                                                                             #
#    Source file  =  C:\SNAP\SNAP_100\SNAPSData.c                             #
#    Command line =  C:\SNAP\SNAP_100\SNAPSData.c -e -Oh --code_model small   #
#                    --data_model small -o C:\SNAP\SNAP_100\Release\Obj\      #
#                    --dlib_config "C:\Program Files\IAR Systems\Embedded     #
#                    Workbench 6.5\stm8\LIB\dlstm8ssn.h" -D NDEBUG -D         #
#                    STM8S007 -lC C:\SNAP\SNAP_100\Release\List\ -I .\        #
#                    --no_system_include --vregs 16                           #
#    List file    =  C:\SNAP\SNAP_100\Release\List\SNAPSData.lst              #
#    Object file  =  C:\SNAP\SNAP_100\Release\Obj\SNAPSData.o                 #
#                                                                             #
#                                                                             #
###############################################################################

C:\SNAP\SNAP_100\SNAPSData.c
      1          /*************************************************************  Stock Messages */ 
      2          /*  get network status message */

   \                                 In section .tiny.data, align 1
      3          unsigned char GetNSTATMessage[] = {"AT+NSTAT=?\r"};
   \                     GetNSTATMessage:
   \   000000 41 54 2B 4E  DC8 "AT+NSTAT=?\015"
   \          53 54 41 54 
      4          
      5          /*  Reset GS1011 messages */

   \                                 In section .tiny.data, align 1
      6          unsigned char YouThereMessage[] = {"AT\r"};
   \                     YouThereMessage:
   \   000000 41 54 0D 00  DC8 "AT\015"

   \                                 In section .tiny.data, align 1
      7          unsigned char ForceFactoryResetMessage[] = {"AT&F\r"};
   \                     ForceFactoryResetMessage:
   \   000000 41 54 26 46  DC8 "AT&F\015"
   \          0D 00       

   \                                 In section .tiny.data, align 1
      8          unsigned char ClearW0Message[]={"AT&W0\r"};
   \                     ClearW0Message:
   \   000000 41 54 26 57  DC8 "AT&W0\015"
   \          30 0D 00    

   \                                 In section .tiny.data, align 1
      9          unsigned char ClearW1Message[]={"AT&W1\r"};
   \                     ClearW1Message:
   \   000000 41 54 26 57  DC8 "AT&W1\015"
   \          31 0D 00    

   \                                 In section .tiny.data, align 1
     10          unsigned char ClearY0Message[]={"AT&Y0\r"};
   \                     ClearY0Message:
   \   000000 41 54 26 59  DC8 "AT&Y0\015"
   \          30 0D 00    

   \                                 In section .tiny.data, align 1
     11          unsigned char ResetAdaptorMessage[]={"AT+RESET\r"};
   \                     ResetAdaptorMessage:
   \   000000 41 54 2B 52  DC8 "AT+RESET\015"
   \          45 53 45 54 

   \                                 In section .tiny.data, align 1
     12          unsigned char ShutOffEchoMessage[] = {"ATE0\r"};
   \                     ShutOffEchoMessage:
   \   000000 41 54 45 30  DC8 "ATE0\015"
   \          0D 00       

   \                                 In section .tiny.data, align 1
     13          unsigned char DisassociateMessage[] = {"AT+WD\r"};
   \                     DisassociateMessage:
   \   000000 41 54 2B 57  DC8 "AT+WD\015"
   \          44 0D 00    
     14          
     15          /* setup GS1011 to connect to WIFI */

   \                                 In section .tiny.data, align 1
     16          unsigned char SetInitialIPAddressMessage[] = {"AT+NSET=192.168.1.1,255.255.255.0,192.168.1.1\r"};
   \                     SetInitialIPAddressMessage:
   \   000000 41 54 2B 4E  DC8 "AT+NSET=192.168.1.1,255.255.255.0,192.168.1.1\015"
   \          53 45 54 3D 

   \                                 In section .tiny.data, align 1
     17          unsigned char SetWM2Message[] = {"AT+WM=2\r"};
   \                     SetWM2Message:
   \   000000 41 54 2B 57  DC8 "AT+WM=2\015"
   \          4D 3D 32 0D 

   \                                 In section .tiny.data, align 1
     18          unsigned char SetNDHCPMessage[] = {"AT+NDHCP=1\r"};
   \                     SetNDHCPMessage:
   \   000000 41 54 2B 4E  DC8 "AT+NDHCP=1\015"
   \          44 48 43 50 

   \                                 In section .tiny.data, align 1
     19          unsigned char SetDHCPSRVRMessage[] = {"AT+DHCPSRVR=1\r"};
   \                     SetDHCPSRVRMessage:
   \   000000 41 54 2B 44  DC8 "AT+DHCPSRVR=1\015"
   \          48 43 50 53 

   \                                 In section .tiny.data, align 1
     20          unsigned char SetWEBPROVMessage[] = {"AT+WEBPROV=,,,2,,1\r"};
   \                     SetWEBPROVMessage:
   \   000000 41 54 2B 57  DC8 "AT+WEBPROV=,,,2,,1\015"
   \          45 42 50 52 

   \                                 In section .tiny.data, align 1
     21          unsigned char GetProfileMessage[] = {"AT&V\r"};
   \                     GetProfileMessage:
   \   000000 41 54 26 56  DC8 "AT&V\015"
   \          0D 00       
     22          
     23          /*  sending update messages  */

   \                                 In section .tiny.data, align 1
     24          unsigned char LookForMarsIPAddressMessage[]= {"AT+DNSLOOKUP=mars.bwgrp.com\r"};
   \                     LookForMarsIPAddressMessage:
   \   000000 41 54 2B 44  DC8 "AT+DNSLOOKUP=mars.bwgrp.com\015"
   \          4E 53 4C 4F 

   \                                 In section .tiny.data, align 1
     25          unsigned char SetConnectionType[]= {"AT+HTTPCONF=11,mars.bwgrp.com\r"};
   \                     SetConnectionType:
   \   000000 41 54 2B 48  DC8 "AT+HTTPCONF=11,mars.bwgrp.com\015"
   \          54 54 50 43 

   \                                 In section .tiny.data, align 1
     26          unsigned char SendKeepAliveMessage[]={"AT+HTTPCONF=3, keep-alive\r"};
   \                     SendKeepAliveMessage:
   \   000000 41 54 2B 48  DC8 "AT+HTTPCONF=3, keep-alive\015"
   \          54 54 50 43 

   \                                 In section .tiny.data, align 1
     27          unsigned char OpenMarsConnectionHeader[]={"AT+HTTPOPEN="};   /*add ip Address*/
   \                     OpenMarsConnectionHeader:
   \   000000 41 54 2B 48  DC8 "AT+HTTPOPEN="
   \          54 54 50 4F 

   \                                 In section .tiny.data, align 1
     28          unsigned char SendtoWebsiteHeader[]={"AT+HTTPSEND="};   /*add CID, and status*/
   \                     SendtoWebsiteHeader:
   \   000000 41 54 2B 48  DC8 "AT+HTTPSEND="
   \          54 54 50 53 

   Section sizes:

   Bytes  Function/Label
   -----  --------------
       7  ClearW0Message
       7  ClearW1Message
       7  ClearY0Message
       7  DisassociateMessage
       6  ForceFactoryResetMessage
      12  GetNSTATMessage
       6  GetProfileMessage
      29  LookForMarsIPAddressMessage
      13  OpenMarsConnectionHeader
      10  ResetAdaptorMessage
      27  SendKeepAliveMessage
      13  SendtoWebsiteHeader
      31  SetConnectionType
      15  SetDHCPSRVRMessage
      47  SetInitialIPAddressMessage
      12  SetNDHCPMessage
      20  SetWEBPROVMessage
       9  SetWM2Message
       6  ShutOffEchoMessage
       4  YouThereMessage

 
 288 bytes in section .tiny.data
 
 288 bytes of DATA memory

Errors: none
Warnings: none
