###############################################################################
#                                                                             #
# IAR C/C++ Compiler V1.40.1.50106 for STM8             28/May/2013  13:31:18 #
# Copyright 2010-2013 IAR Systems AB.                                         #
#                                                                             #
#    Source file  =  C:\SNAP\SNAP_100\Device_Serial_Routines.c                #
#    Command line =  C:\SNAP\SNAP_100\Device_Serial_Routines.c -e             #
#                    --enable_multibytes -Oh --debug --code_model medium      #
#                    --data_model medium -o C:\SNAP\SNAP_100\Debug\Obj\       #
#                    --dlib_config "C:\Program Files\IAR Systems\Embedded     #
#                    Workbench 6.5\stm8\LIB\dlstm8mmn.h" -D STM8S007 -lC      #
#                    C:\SNAP\SNAP_100\Debug\List\ -I .\ --require_prototypes  #
#                    --vregs 16                                               #
#    List file    =  C:\SNAP\SNAP_100\Debug\List\Device_Serial_Routines.lst   #
#    Object file  =  C:\SNAP\SNAP_100\Debug\Obj\Device_Serial_Routines.o      #
#                                                                             #
#                                                                             #
###############################################################################

C:\SNAP\SNAP_100\Device_Serial_Routines.c
      1          
      2            /*****************************************************************************
      3            * Device Serial Handlers
      4            * @file    stm8s_uart1.c
      5            * @author  MCD Application Team
      6            * @version V2.1.0
      7            * @date    18-November-2011
      8            * @brief   This file contains all the functions for the UART1 peripheral.
      9            *****************************************************************************/
     10          /* Includes ------------------------------------------------------------------*/
     11          /* definitions ---------------------------------------------------------------*/
     12          void GetRawUpdateFromDevice(void);
     13          void ConvertRawUpdateToWebsiteFormat(void);
     14          void ReportStatusToDevice(void);
     15          /* Stock messages ------------------------------------------------------------*/
     16          /* Routines ------------------------------------------------------------------*/

   \                                 In section .far_func.text, align 1
     17          void GetRawUpdateFromDevice(){
     18          }
   \                     GetRawUpdateFromDevice:
   \   000000 87           RETF

   \                                 In section .far_func.text, align 1
     19          void ConvertRawUpdateToWebsiteFormat(){
     20          }
   \                     ConvertRawUpdateToWebsiteFormat:
   \   000000 87           RETF

   \                                 In section .far_func.text, align 1
     21          void ReportStatusToDevice(){
     22          }
   \                     ReportStatusToDevice:
   \   000000 87           RETF

   Section sizes:

   Bytes  Function/Label
   -----  --------------
       1  ConvertRawUpdateToWebsiteFormat
       1  GetRawUpdateFromDevice
       1  ReportStatusToDevice

 
 3 bytes in section .far_func.text
 
 3 bytes of CODE memory

Errors: none
Warnings: none
