###############################################################################
#                                                                             #
# IAR C/C++ Compiler V1.40.1.50106 for STM8             28/May/2013  11:26:48 #
# Copyright 2010-2013 IAR Systems AB.                                         #
#                                                                             #
#    Source file  =  C:\SNAP\SNAP_100\GS1011_Serial_Routines.c                #
#    Command line =  C:\SNAP\SNAP_100\GS1011_Serial_Routines.c -e             #
#                    --enable_multibytes -Oh --debug --code_model medium      #
#                    --data_model medium -o C:\SNAP\SNAP_100\Debug\Obj\       #
#                    --dlib_config "C:\Program Files\IAR Systems\Embedded     #
#                    Workbench 6.5\stm8\LIB\dlstm8mmn.h" -D STM8S007 -lC      #
#                    C:\SNAP\SNAP_100\Debug\List\ -I .\ --require_prototypes  #
#                    --vregs 16                                               #
#    List file    =  C:\SNAP\SNAP_100\Debug\List\GS1011_Serial_Routines.lst   #
#    Object file  =  C:\SNAP\SNAP_100\Debug\Obj\GS1011_Serial_Routines.o      #
#                                                                             #
#                                                                             #
###############################################################################

C:\SNAP\SNAP_100\GS1011_Serial_Routines.c
      1          
      2            /*****************************************************************************
      3            * GS1011 Serial Handlers
      4            * @file    stm8s_uart1.c
      5            * @author  MCD Application Team
      6            * @version V2.1.0
      7            * @date    18-November-2011
      8            * @brief   This file contains all the functions for the UART1 peripheral.
      9            *****************************************************************************/
     10          /* Includes ------------------------------------------------------------------*/
     11          /* definitions ---------------------------------------------------------------*/
     12             extern char* GS1011_Xmit_Pointer;
     13             extern char GS1011_Xmit_Buffer;
     14             extern char GetNSTATMessage;
     15             extern unsigned char GS1011_Xmit_Char_Count;
     16          
     17          void GetNetworkStatusFromGS1011 (void);
     18          void SetupGS1011Association(void);
     19          void SendUpdateToWebsite (void);
     20          void GetResponseFromGS1011(void);
     21          extern void strcpy(char *s1, char *s2);
     22          extern void Start_GS1011_Send(void);
     23          /* Routines ------------------------------------------------------------------*/

   \                                 In section .far_func.text, align 1
     24          void GetNetworkStatusFromGS1011 (){
     25            GS1011_Xmit_Char_Count = sizeof(GetNSTATMessage);
   \                     GetNetworkStatusFromGS1011:
   \   000000 35 01 ....   MOV       L:GS1011_Xmit_Char_Count, #0x1
     26            strcpy(&GS1011_Xmit_Buffer, &GetNSTATMessage);
   \   000004 90AE ....    LDW       Y, #GetNSTATMessage
   \   000008 AE ....      LDW       X, #GS1011_Xmit_Buffer
   \   00000B 8D ......    CALLF     strcpy
     27            GS1011_Xmit_Pointer = &GS1011_Xmit_Buffer;
   \   00000F AE ....      LDW       X, #GS1011_Xmit_Buffer
   \   000012 CF ....      LDW       L:GS1011_Xmit_Pointer, X
     28            Start_GS1011_Send();
   \   000015 AC ......    JPF       Start_GS1011_Send
     29          }

   \                                 In section .far_func.text, align 1
     30          void SetupGS1011Association(){
     31          }
   \                     SetupGS1011Association:
   \   000000 87           RETF

   \                                 In section .far_func.text, align 1
     32          void SendUpdateToWebsite (){
     33          }
   \                     SendUpdateToWebsite:
   \   000000 87           RETF

   \                                 In section .far_func.text, align 1
     34          void GetResponseFromGS1011(){
     35          }
   \                     GetResponseFromGS1011:
   \   000000 87           RETF

   Section sizes:

   Bytes  Function/Label
   -----  --------------
      25  GetNetworkStatusFromGS1011
       1  GetResponseFromGS1011
       1  SendUpdateToWebsite
       1  SetupGS1011Association

 
 28 bytes in section .far_func.text
 
 28 bytes of CODE memory

Errors: none
Warnings: none
