###############################################################################
#                                                                             #
# IAR C/C++ Compiler V1.40.1.50106 for STM8             02/Jul/2013  06:23:00 #
# Copyright 2010-2013 IAR Systems AB.                                         #
#                                                                             #
#    Source file  =  C:\Users\jurban\Documents\GitHub\7896_SNAP_100\SNAPSData #
#                    .c                                                       #
#    Command line =  C:\Users\jurban\Documents\GitHub\7896_SNAP_100\SNAPSData #
#                    .c -e --enable_multibytes -On --no_cse --no_unroll       #
#                    --no_inline --no_code_motion --no_tbaa --no_cross_call   #
#                    --debug --code_model medium --data_model medium -o       #
#                    C:\Users\jurban\Documents\GitHub\7896_SNAP_100\Debug\Obj #
#                    \ --dlib_config "C:\Program Files\IAR Systems\Embedded   #
#                    Workbench 6.5\stm8\LIB\dlstm8mmn.h" -D STM8S007 -lC      #
#                    C:\Users\jurban\Documents\GitHub\7896_SNAP_100\Debug\Lis #
#                    t\ -I .\ --no_system_include --require_prototypes        #
#                    --vregs 16                                               #
#    List file    =  C:\Users\jurban\Documents\GitHub\7896_SNAP_100\Debug\Lis #
#                    t\SNAPSData.lst                                          #
#    Object file  =  C:\Users\jurban\Documents\GitHub\7896_SNAP_100\Debug\Obj #
#                    \SNAPSData.o                                             #
#                                                                             #
#                                                                             #
###############################################################################

C:\Users\jurban\Documents\GitHub\7896_SNAP_100\SNAPSData.c
      1          
      2          /*************************************************************  Stock Messages */ 
      3          /* stock ready message for device */
      4          /* device types classes */

   \                                 In section .far.rodata, align 1, root
      5          __root const char OKAYmsg[] @ ".far.rodata" = {"OK"};
   \                     OKAYmsg:
   \   000000 4F 4B 00     DC8 "OK"

   \                                 In section .far.rodata, align 1, root
      6          __root const char ERRORmsg[] @ ".far.rodata" = {"ERROR"};
   \                     ERRORmsg:
   \   000000 45 52 52 4F  DC8 "ERROR"
   \          52 00       

   \                                 In section .far.rodata, align 1, root
      7          __root const char WSTATECONNECTEDmsg[] @ ".far.rodata" = {"WSTATE=CONNECTED"};
   \                     WSTATECONNECTEDmsg:
   \   000000 57 53 54 41  DC8 "WSTATE=CONNECTED"
   \          54 45 3D 43 

   \                                 In section .far.rodata, align 1, root
      8          __root const char IPmsg[] @ ".far.rodata" = {"IP:"};
   \                     IPmsg:
   \   000000 49 50 3A 00  DC8 "IP:"
      9          
     10          /*  DEVICE status message */

   \                                 In section .far.rodata, align 1, root
     11          __root const char Powered[] @ ".far.rodata" = {0x02,0x10,0xFc,0x00,0x53,0x01,0xfe,0x03,0x00};
   \                     Powered:
   \   000000 02 10 FC 00  DC8 2, 16, 252, 0, 83, 1, 254, 3, 0
   \          53 01 FE 03 

   \                                 In section .far.rodata, align 1, root
     12          __root const char AdaptorReady[] @ ".far.rodata" = {0x02,0x10,0xFc,0x00,0x53,0x04,0xfB,0x03,0x00};
   \                     AdaptorReady:
   \   000000 02 10 FC 00  DC8 2, 16, 252, 0, 83, 4, 251, 3, 0
   \          53 04 FB 03 

   \                                 In section .far.rodata, align 1, root
     13          __root const char ConfiguringAdaptor[] @ ".far.rodata" = {0x02,0x10,0xFc,0x00,0x53,0x05,0xfA,0x03,0x00};
   \                     ConfiguringAdaptor:
   \   000000 02 10 FC 00  DC8 2, 16, 252, 0, 83, 5, 250, 3, 0
   \          53 05 FA 03 
     14          
     15          /*  Reset and provisioning GS1011 messages */

   \                                 In section .far.rodata, align 1, root
     16          __root const char YouThereMessage[] @ ".far.rodata" = {"AT\r\n"};
   \                     YouThereMessage:
   \   000000 41 54 0D 0A  DC8 "AT\015\012"
   \          00          

   \                                 In section .far.rodata, align 1, root
     17          __root const char ShutOffEchoMessage[] @ ".far.rodata" = {"ATE0\r\n"};
   \                     ShutOffEchoMessage:
   \   000000 41 54 45 30  DC8 "ATE0\015\012"
   \          0D 0A 00    

   \                                 In section .far.rodata, align 1, root
     18          __root const char ForceFactoryResetMessage[] @ ".far.rodata" = {"AT&F\r"};
   \                     ForceFactoryResetMessage:
   \   000000 41 54 26 46  DC8 "AT&F\015"
   \          0D 00       

   \                                 In section .far.rodata, align 1, root
     19          __root const char ClearW0Message[] @ ".far.rodata" ={"AT&W0\r"};
   \                     ClearW0Message:
   \   000000 41 54 26 57  DC8 "AT&W0\015"
   \          30 0D 00    

   \                                 In section .far.rodata, align 1, root
     20          __root const char ClearW1Message[] @ ".far.rodata" ={"AT&W1\r"};
   \                     ClearW1Message:
   \   000000 41 54 26 57  DC8 "AT&W1\015"
   \          31 0D 00    

   \                                 In section .far.rodata, align 1, root
     21          __root const char ClearY0Message[] @ ".far.rodata" ={"AT&Y0\r"};
   \                     ClearY0Message:
   \   000000 41 54 26 59  DC8 "AT&Y0\015"
   \          30 0D 00    

   \                                 In section .far.rodata, align 1, root
     22          __root const char ResetAdaptorMessage[] @ ".far.rodata" ={"AT+RESET\r\n"};
   \                     ResetAdaptorMessage:
   \   000000 41 54 2B 52  DC8 "AT+RESET\015\012"
   \          45 53 45 54 

   \                                 In section .far.rodata, align 1, root
     23          __root const char DisassociateMessage[] @ ".far.rodata" = {"AT+WD\r"};
   \                     DisassociateMessage:
   \   000000 41 54 2B 57  DC8 "AT+WD\015"
   \          44 0D 00    

   \                                 In section .far.rodata, align 1, root
     24          __root const char SetInitialIPAddressMessage[] @ ".far.rodata" = {"AT+NSET=192.168.1.1,255.255.255.0,192.168.1.1\r"};
   \                     SetInitialIPAddressMessage:
   \   000000 41 54 2B 4E  DC8 "AT+NSET=192.168.1.1,255.255.255.0,192.168.1.1\015"
   \          53 45 54 3D 

   \                                 In section .far.rodata, align 1, root
     25          __root const char SetWM2Message[] @ ".far.rodata" = {"AT+WM=2\r"};
   \                     SetWM2Message:
   \   000000 41 54 2B 57  DC8 "AT+WM=2\015"
   \          4D 3D 32 0D 

   \                                 In section .far.rodata, align 1, root
     26          __root const char SetSerialNumberasAccessPointHeader[] @ ".far.rodata" = {"AT+WA="};
   \                     SetSerialNumberasAccessPointHeader:
   \   000000 41 54 2B 57  DC8 "AT+WA="
   \          41 3D 00    
     27                                                          /* put device serial number between these messages*/

   \                                 In section .far.rodata, align 1, root
     28          __root const char SetSerialNumberasAccessPointTail[] @ ".far.rodata" = {",,11\r"};
   \                     SetSerialNumberasAccessPointTail:
   \   000000 2C 2C 31 31  DC8 ",,11\015"
   \          0D 00       

   \                                 In section .far.rodata, align 1, root
     29          __root const char SetDHCPSRVRMessage[] @ ".far.rodata" = {"AT+DHCPSRVR=1\r"};
   \                     SetDHCPSRVRMessage:
   \   000000 41 54 2B 44  DC8 "AT+DHCPSRVR=1\015"
   \          48 43 50 53 

   \                                 In section .far.rodata, align 1, root
     30          __root const char SetWEBPROVMessage[] @ ".far.rodata" = {"AT+WEBPROV=,,,2,,1\r"};
   \                     SetWEBPROVMessage:
   \   000000 41 54 2B 57  DC8 "AT+WEBPROV=,,,2,,1\015"
   \          45 42 50 52 
     31          
     32          /*  setup update messages  */

   \                                 In section .far.rodata, align 1, root
     33          __root const char DNSLOOKUP_Message[] @ ".far.rodata" = {"AT+DNSLOOKUP=mars.bwgrp.com\r"};
   \                     DNSLOOKUP_Message:
   \   000000 41 54 2B 44  DC8 "AT+DNSLOOKUP=mars.bwgrp.com\015"
   \          4E 53 4C 4F 

   \                                 In section .far.rodata, align 1, root
     34          __root const char ConnectionType_CONF11_message[] @ ".far.rodata" = {"AT+HTTPCONF=11,mars.bwgrp.com\r"};
   \                     ConnectionType_CONF11_message:
   \   000000 41 54 2B 48  DC8 "AT+HTTPCONF=11,mars.bwgrp.com\015"
   \          54 54 50 43 

   \                                 In section .far.rodata, align 1, root
     35          __root const char KeepAlive_CONF3_Message[] @ ".far.rodata" ={"AT+HTTPCONF=3, keep-alive\r"};
   \                     KeepAlive_CONF3_Message:
   \   000000 41 54 2B 48  DC8 "AT+HTTPCONF=3, keep-alive\015"
   \          54 54 50 43 

   \                                 In section .far.rodata, align 1, root
     36          __root const char HTTPOPEN_FULL_MESSAGE[] @ ".far.rodata" ={"AT+HTTPOPEN=54.225.101.110"};   /*add ip Address*/
   \                     HTTPOPEN_FULL_MESSAGE:
   \   000000 41 54 2B 48  DC8 "AT+HTTPOPEN=54.225.101.110"
   \          54 54 50 4F 
     37          
     38          
     39          /*  get network status message */

   \                                 In section .far.rodata, align 1, root
     40          __root const char GetNSTATMessage[] @ ".far.rodata" = {"AT+NSTAT=?\r"};
   \                     GetNSTATMessage:
   \   000000 41 54 2B 4E  DC8 "AT+NSTAT=?\015"
   \          53 54 41 54 
     41          /* setup GS1011 to connect to WIFI */

   \                                 In section .far.rodata, align 1, root
     42          __root const char SetNDHCPMessage[] @ ".far.rodata" = {"AT+NDHCP=1\r"};
   \                     SetNDHCPMessage:
   \   000000 41 54 2B 4E  DC8 "AT+NDHCP=1\015"
   \          44 48 43 50 

   \                                 In section .far.rodata, align 1, root
     43          __root const char GetProfileMessage[] @ ".far.rodata" = {"AT&V\r"};
   \                     GetProfileMessage:
   \   000000 41 54 26 56  DC8 "AT&V\015"
   \          0D 00       
     44          
     45          /*  send update message headers */

   \                                 In section .far.rodata, align 1, root
     46          __root const char  pheader[] @ ".far.rodata" = {"/P"};
   \                     pheader:
   \   000000 2F 50 00     DC8 "/P"

   \                                 In section .far.rodata, align 1, root
     47          __root const char SendtoWebsiteHeader[] @ ".far.rodata" ={"AT+HTTPSEND="};   /*add CID, and status*/
   \                     SendtoWebsiteHeader:
   \   000000 41 54 2B 48  DC8 "AT+HTTPSEND="
   \          54 54 50 53 

   \                                 In section .far.rodata, align 1, root
     48          __root const char SendtoWebsiteHeader1[] @ ".far.rodata" = {",1,100,/account/api/setdevicelog/"};   /*add CID, and status*/
   \                     SendtoWebsiteHeader1:
   \   000000 2C 31 2C 31  DC8 ",1,100,/account/api/setdevicelog/"
   \          30 30 2C 2F 

   Section sizes:

   Bytes  Function/Label
   -----  --------------
       9  AdaptorReady
       7  ClearW0Message
       7  ClearW1Message
       7  ClearY0Message
       9  ConfiguringAdaptor
      31  ConnectionType_CONF11_message
      29  DNSLOOKUP_Message
       7  DisassociateMessage
       6  ERRORmsg
       6  ForceFactoryResetMessage
      12  GetNSTATMessage
       6  GetProfileMessage
      27  HTTPOPEN_FULL_MESSAGE
       4  IPmsg
      27  KeepAlive_CONF3_Message
       3  OKAYmsg
       9  Powered
      11  ResetAdaptorMessage
      13  SendtoWebsiteHeader
      34  SendtoWebsiteHeader1
      15  SetDHCPSRVRMessage
      47  SetInitialIPAddressMessage
      12  SetNDHCPMessage
       7  SetSerialNumberasAccessPointHeader
       6  SetSerialNumberasAccessPointTail
      20  SetWEBPROVMessage
       9  SetWM2Message
       7  ShutOffEchoMessage
      17  WSTATECONNECTEDmsg
       5  YouThereMessage
       3  pheader

 
 412 bytes in section .far.rodata
 
 412 bytes of CONST memory

Errors: none
Warnings: none
