###############################################################################
#                                                                             #
# IAR C/C++ Compiler V1.40.1.50106 for STM8             02/Jul/2013  07:39:06 #
# Copyright 2010-2013 IAR Systems AB.                                         #
#                                                                             #
#    Source file  =  C:\Users\jurban\Documents\GitHub\7896_SNAP_100\SNAPdata. #
#                    c                                                        #
#    Command line =  C:\Users\jurban\Documents\GitHub\7896_SNAP_100\SNAPdata. #
#                    c -e --enable_multibytes -On --no_cse --no_unroll        #
#                    --no_inline --no_code_motion --no_tbaa --no_cross_call   #
#                    --debug --code_model medium --data_model medium -o       #
#                    C:\Users\jurban\Documents\GitHub\7896_SNAP_100\Debug\Obj #
#                    \ --dlib_config "C:\Program Files\IAR Systems\Embedded   #
#                    Workbench 6.5\stm8\LIB\dlstm8mmn.h" -D STM8S007 -lC      #
#                    C:\Users\jurban\Documents\GitHub\7896_SNAP_100\Debug\Lis #
#                    t\ -I .\ --no_system_include --require_prototypes        #
#                    --vregs 16                                               #
#    List file    =  C:\Users\jurban\Documents\GitHub\7896_SNAP_100\Debug\Lis #
#                    t\SNAPdata.lst                                           #
#    Object file  =  C:\Users\jurban\Documents\GitHub\7896_SNAP_100\Debug\Obj #
#                    \SNAPdata.o                                              #
#                                                                             #
#                                                                             #
###############################################################################

C:\Users\jurban\Documents\GitHub\7896_SNAP_100\SNAPdata.c
      1          #include "stm8s.h"
      2          #include "SNAP_Defines.h"
      3          ;

   \                                 In section .near.bss, align 1
      4          char SNAP_State;
   \                     SNAP_State:
   \   000000              DS8 1

   \                                 In section .near.bss, align 1
      5          char Send_Update_State;
   \                     Send_Update_State:
   \   000000              DS8 1
      6          
      7          

   \                                 In section .near.bss, align 1
      8          u8 checksum_Okay;   /* 0 = okay, 1 = not*/
   \                     checksum_Okay:
   \   000000              DS8 1
      9          

   \                                 In section .near.bss, align 1
     10          char Device_Serial_number[17];
   \                     Device_Serial_number:
   \   000000              DS8 17

   \                                 In section .near.bss, align 1
     11          char Device_Type_Number[6];
   \                     Device_Type_Number:
   \   000000              DS8 6

   \                                 In section .near.bss, align 1
     12          char website_IP_Address[15];
   \                     website_IP_Address:
   \   000000              DS8 15

   \                                 In section .near.bss, align 1
     13          unsigned char   DEVICE_SOH; /*START OF TEXT 0X02*/
   \                     DEVICE_SOH:
   \   000000              DS8 1

   \                                 In section .near.bss, align 1
     14          u16 DEVICE_MSGLENGTH; /*LENGTH OF MESSAGE*/
   \                     DEVICE_MSGLENGTH:
   \   000000              DS8 2

   \                                 In section .near.bss, align 1
     15          unsigned char DEVICE_COMMAND; /* COMMAND TYPE*/
   \                     DEVICE_COMMAND:
   \   000000              DS8 1

   \                                 In section .near.bss, align 1
     16          unsigned char DEVICE_PACKETDATA[512]; 
   \                     DEVICE_PACKETDATA:
   \   000000              DS8 512

   \                                 In section .near.bss, align 1
     17          unsigned char DEVICE_EOT; /*end of text*/
   \                     DEVICE_EOT:
   \   000000              DS8 1
     18          
     19          /* DEVICE DATA */

   \                                 In section .near.bss, align 1
     20          char Device_State;
   \                     Device_State:
   \   000000              DS8 1
     21          /*device receiving data*/

   \                                 In section .near.bss, align 1
     22          u8 Device_RX_InPtr;
   \                     Device_RX_InPtr:
   \   000000              DS8 1

   \                                 In section .near.bss, align 1
     23          u8 Device_RX_OutPtr;
   \                     Device_RX_OutPtr:
   \   000000              DS8 1

   \                                 In section .near.bss, align 1
     24          u16 Device_Rcvr_Char_Count;
   \                     Device_Rcvr_Char_Count:
   \   000000              DS8 2

   \                                 In section .near.bss, align 1
     25          u8 Device_Rcvr_Complete_flag;
   \                     Device_Rcvr_Complete_flag:
   \   000000              DS8 1

   \                                 In section .near.bss, align 1
     26          u8 Device_Update_Ready_for_Website_flag;
   \                     Device_Update_Ready_for_Website_flag:
   \   000000              DS8 1

   \                                 In section .near.bss, align 1
     27          u8 Device_Rcvr_State;
   \                     Device_Rcvr_State:
   \   000000              DS8 1

   \                                 In section .near.bss, align 1
     28          u8 Device_Rcvr_char;
   \                     Device_Rcvr_char:
   \   000000              DS8 1

   \                                 In section .near.bss, align 1
     29          char *Device_Rcvr_Pointer;
   \                     Device_Rcvr_Pointer:
   \   000000              DS8 2

   \                                 In section .near.bss, align 1
     30          char *Device_Rcvr_Dest_Pointer;
   \                     Device_Rcvr_Dest_Pointer:
   \   000000              DS8 2

   \                                 In section .near.bss, align 1
     31          char Device_Receiver_Buffer[255];
   \                     Device_Receiver_Buffer:
   \   000000              DS8 255

   \                                 In section .near.bss, align 1
     32          unsigned char Packet_Data_Buffer[255];
   \                     Packet_Data_Buffer:
   \   000000              DS8 255
     33          
     34          /*device xmiting data*/

   \                                 In section .near.bss, align 1
     35          char PHeader_Bufr[5];
   \                     PHeader_Bufr:
   \   000000              DS8 5

   \                                 In section .near.bss, align 1
     36          u8 Device_Xmit_Complete_Flag;
   \                     Device_Xmit_Complete_Flag:
   \   000000              DS8 1

   \                                 In section .near.bss, align 1
     37          u8 Device_Xmit_Char;
   \                     Device_Xmit_Char:
   \   000000              DS8 1

   \                                 In section .near.bss, align 1
     38          char Device_Xmit_Pointer;
   \                     Device_Xmit_Pointer:
   \   000000              DS8 1

   \                                 In section .near.bss, align 1
     39          char Device_Xmit_Setup_Char_Pointer;
   \                     Device_Xmit_Setup_Char_Pointer:
   \   000000              DS8 1

   \                                 In section .near.bss, align 1
     40          u8 Device_Xmit_Char_Count;
   \                     Device_Xmit_Char_Count:
   \   000000              DS8 1

   \                                 In section .near.bss, align 1
     41          char* Device_Processing_Pointer;
   \                     Device_Processing_Pointer:
   \   000000              DS8 2

   \                                 In section .near.bss, align 1
     42          unsigned char Device_Processing_Buffer[256];
   \                     Device_Processing_Buffer:
   \   000000              DS8 256

   \                                 In section .near.bss, align 1
     43          unsigned char Device_Xmit_Buffer[256];
   \                     Device_Xmit_Buffer:
   \   000000              DS8 256
     44          
     45          /*GS1011 data*/

   \                                 In section .near.bss, align 1
     46          char GS1011_Rcvr_EOM_Timer;
   \                     GS1011_Rcvr_EOM_Timer:
   \   000000              DS8 1

   \                                 In section .near.bss, align 1
     47          char GS1011_Rcvr_Timeout;
   \                     GS1011_Rcvr_Timeout:
   \   000000              DS8 1

   \                                 In section .near.bss, align 1
     48          char GS1011_State;
   \                     GS1011_State:
   \   000000              DS8 1

   \                                 In section .near.bss, align 1
     49          char GS1011_State_State;
   \                     GS1011_State_State:
   \   000000              DS8 1

   \                                 In section .near.bss, align 1
     50          char GS1011_Rcvr_Char;
   \                     GS1011_Rcvr_Char:
   \   000000              DS8 1

   \                                 In section .near.bss, align 1
     51          char GS1011_Received_Response_Flag;
   \                     GS1011_Received_Response_Flag:
   \   000000              DS8 1

   \                                 In section .near.bss, align 1
     52          int Found_String_At_Byte;
   \                     Found_String_At_Byte:
   \   000000              DS8 2

   \                                 In section .near.bss, align 1
     53          u8 GS1011_String_Found;
   \                     GS1011_String_Found:
   \   000000              DS8 1

   \                                 In section .near.bss, align 1
     54          u16 GS1011_Rcvr_InPtr;
   \                     GS1011_Rcvr_InPtr:
   \   000000              DS8 2

   \                                 In section .near.bss, align 1
     55          u16 GS1011_Rcvr_OutPtr;
   \                     GS1011_Rcvr_OutPtr:
   \   000000              DS8 2

   \                                 In section .near.bss, align 1
     56          u16 GS1011_Rvcr_Count;
   \                     GS1011_Rvcr_Count:
   \   000000              DS8 2

   \                                 In section .near.bss, align 1
     57          u16 GS1011_Rcvr_Pointer;
   \                     GS1011_Rcvr_Pointer:
   \   000000              DS8 2

   \                                 In section .near.bss, align 1
     58          char GS1011_Receiver_Buffer[512];
   \                     GS1011_Receiver_Buffer:
   \   000000              DS8 512
     59          
     60          /*GS1011 receiving data*/

   \                                 In section .near.bss, align 1
     61          u8 GS1011_Xmit_Pointer;
   \                     GS1011_Xmit_Pointer:
   \   000000              DS8 1

   \                                 In section .near.bss, align 1
     62          u8 GS1011_Xmit_Char_Count;
   \                     GS1011_Xmit_Char_Count:
   \   000000              DS8 1

   \                                 In section .near.bss, align 1
     63          char GS1011_Xmit_Setup_Char_Pointer;
   \                     GS1011_Xmit_Setup_Char_Pointer:
   \   000000              DS8 1

   \                                 In section .near.bss, align 1
     64          unsigned char GS1011_Xmit_Char;
   \                     GS1011_Xmit_Char:
   \   000000              DS8 1

   \                                 In section .near.bss, align 1
     65          unsigned char GS1011_Xmit_Buffer[256];
   \                     GS1011_Xmit_Buffer:
   \   000000              DS8 256
     66          

   \                                 In section .near.bss, align 1
     67          char CID_Value;
   \                     CID_Value:
   \   000000              DS8 1
     68          

   \                                 In section .near.bss, align 1
     69          unsigned char PNumber;
   \                     PNumber:
   \   000000              DS8 1

   \                                 In section .near.bss, align 1
     70          unsigned int PCount;
   \                     PCount:
   \   000000              DS8 2

   \                                 In section .near.bss, align 1
     71          unsigned char PBuffer[16];
   \                     PBuffer:
   \   000000              DS8 16
     72          

   Section sizes:

   Bytes  Function/Label
   -----  --------------
       1  CID_Value
       1  DEVICE_COMMAND
       1  DEVICE_EOT
       2  DEVICE_MSGLENGTH
     512  DEVICE_PACKETDATA
       1  DEVICE_SOH
     256  Device_Processing_Buffer
       2  Device_Processing_Pointer
       1  Device_RX_InPtr
       1  Device_RX_OutPtr
       2  Device_Rcvr_Char_Count
       1  Device_Rcvr_Complete_flag
       2  Device_Rcvr_Dest_Pointer
       2  Device_Rcvr_Pointer
       1  Device_Rcvr_State
       1  Device_Rcvr_char
     255  Device_Receiver_Buffer
      17  Device_Serial_number
       1  Device_State
       6  Device_Type_Number
       1  Device_Update_Ready_for_Website_flag
     256  Device_Xmit_Buffer
       1  Device_Xmit_Char
       1  Device_Xmit_Char_Count
       1  Device_Xmit_Complete_Flag
       1  Device_Xmit_Pointer
       1  Device_Xmit_Setup_Char_Pointer
       2  Found_String_At_Byte
       1  GS1011_Rcvr_Char
       1  GS1011_Rcvr_EOM_Timer
       2  GS1011_Rcvr_InPtr
       2  GS1011_Rcvr_OutPtr
       2  GS1011_Rcvr_Pointer
       1  GS1011_Rcvr_Timeout
       1  GS1011_Received_Response_Flag
     512  GS1011_Receiver_Buffer
       2  GS1011_Rvcr_Count
       1  GS1011_State
       1  GS1011_State_State
       1  GS1011_String_Found
     256  GS1011_Xmit_Buffer
       1  GS1011_Xmit_Char
       1  GS1011_Xmit_Char_Count
       1  GS1011_Xmit_Pointer
       1  GS1011_Xmit_Setup_Char_Pointer
      16  PBuffer
       2  PCount
       5  PHeader_Bufr
       1  PNumber
     255  Packet_Data_Buffer
       1  SNAP_State
       1  Send_Update_State
       1  checksum_Okay
      15  website_IP_Address

 
 2 414 bytes in section .near.bss
 
 2 414 bytes of DATA memory

Errors: none
Warnings: none
